2023-04-15 14:56:12 error: [GET] /groups >> StatusCode:: 404, Message:: Authentication token missing
2023-04-15 14:56:32 error: [GET] /groups >> StatusCode:: 500, Message:: No entity column "userID" was found.
2023-04-15 19:23:17 error: uncaughtException: write EPIPE
Error: write EPIPE
    at afterWriteDispatched (node:internal/stream_base_commons:160:15)
    at writeGeneric (node:internal/stream_base_commons:151:3)
    at WriteStream.Socket._writeGeneric (node:net:817:11)
    at WriteStream.Socket._write (node:net:829:8)
    at writeOrBuffer (node:internal/streams/writable:389:12)
    at _write (node:internal/streams/writable:330:10)
    at WriteStream.Writable.write (node:internal/streams/writable:334:10)
    at Console.log (E:\WorkingFolder\MoneyDivider\backend\node_modules\winston\lib\winston\transports\console.js:79:23)
    at Console._write (E:\WorkingFolder\MoneyDivider\backend\node_modules\winston-transport\index.js:103:17)
    at doWrite (E:\WorkingFolder\MoneyDivider\backend\node_modules\readable-stream\lib\_stream_writable.js:390:139)
2023-04-15 19:23:18 error: uncaughtException: write EPIPE
Error: write EPIPE
    at afterWriteDispatched (node:internal/stream_base_commons:160:15)
    at writeGeneric (node:internal/stream_base_commons:151:3)
    at WriteStream.Socket._writeGeneric (node:net:817:11)
    at WriteStream.Socket._write (node:net:829:8)
    at writeOrBuffer (node:internal/streams/writable:389:12)
    at _write (node:internal/streams/writable:330:10)
    at WriteStream.Writable.write (node:internal/streams/writable:334:10)
    at console.value (node:internal/console/constructor:286:16)
    at console.log (node:internal/console/constructor:360:26)
    at App.connectToDatabase (E:\WorkingFolder\MoneyDivider\backend\src\app.ts:53:15)
