2023-04-18 06:38:09 error: [GET] /groups/9 >> StatusCode:: 401, Message:: Unauthorized
2023-04-18 06:38:21 error: [GET] /groups/99 >> StatusCode:: 404, Message:: Group not found
2023-04-18 06:38:26 error: [GET] /groups/98 >> StatusCode:: 404, Message:: Group not found
2023-04-18 06:38:28 error: [GET] /groups/9 >> StatusCode:: 401, Message:: Unauthorized
2023-04-18 06:38:29 error: [GET] /groups/10 >> StatusCode:: 401, Message:: Unauthorized
2023-04-18 06:38:33 error: [GET] /groups/10 >> StatusCode:: 401, Message:: Unauthorized
2023-04-18 06:47:20 error: [POST] /groups/join/10 >> StatusCode:: 400, Message:: id should not be empty,id must be a number conforming to the specified constraints
2023-04-18 06:47:58 error: [POST] /groups/join >> StatusCode:: 400, Message:: id must be a number conforming to the specified constraints
2023-04-18 07:33:49 error: [PUT] /groups/join/1C5GNIGVF2LU >> StatusCode:: 500, Message:: Cannot read properties of undefined (reading 'find')
2023-04-18 07:34:17 error: [PUT] /groups/join/1C5GNIGVF2LU >> StatusCode:: 500, Message:: Cannot read properties of undefined (reading 'filter')
2023-04-18 07:36:04 error: [PUT] /groups/join/1C5GNIGVF2LU >> StatusCode:: 500, Message:: Cannot read properties of undefined (reading 'filter')
2023-04-18 07:37:08 error: [PUT] /groups/join/1C5GNIGVF2LU >> StatusCode:: 409, Message:: User already in group
2023-04-18 07:37:38 error: [PUT] /groups/join/1C5GNIGVF2LU >> StatusCode:: 409, Message:: User already in group
2023-04-18 07:38:11 error: [PUT] /groups/join/1C5GNIGVF2LU >> StatusCode:: 409, Message:: User already in group
2023-04-18 07:38:42 error: [PUT] /groups/join/1C5GNIGVF2LU >> StatusCode:: 409, Message:: User already in group
2023-04-18 07:41:56 error: [PUT] /groups/join/1C5GNIGVF2LU >> StatusCode:: 409, Message:: User already in group
2023-04-18 07:42:26 error: [PUT] /groups/join/1C5GNIGVF2LU >> StatusCode:: 409, Message:: User already in group
2023-04-18 07:43:29 error: [PUT] /groups/join >> StatusCode:: 400, Message:: joinCode should not be empty,joinCode must be a string
2023-04-18 07:44:51 error: [PUT] /groups/join >> StatusCode:: 401, Message:: Wrong authentication token
2023-04-18 07:45:04 error: [PUT] /groups/join >> StatusCode:: 404, Message:: Group not found
2023-04-18 07:45:16 error: [PUT] /groups/join >> StatusCode:: 404, Message:: Group not found
2023-04-18 07:45:17 error: [PUT] /groups/join >> StatusCode:: 404, Message:: Group not found
2023-04-18 07:45:44 error: [PUT] /groups/join >> StatusCode:: 404, Message:: Group not found
2023-04-18 07:46:04 error: [PUT] /groups/join >> StatusCode:: 404, Message:: Group not found
2023-04-18 07:46:14 error: [PUT] /groups/join >> StatusCode:: 404, Message:: Group not found
2023-04-18 07:46:53 error: [PUT] /groups/join >> StatusCode:: 404, Message:: Group not found
2023-04-18 07:47:04 error: [PUT] /groups/join >> StatusCode:: 409, Message:: User already in group
2023-04-18 07:53:41 error: [DELETE] /groups/join >> StatusCode:: 500, Message:: invalid input syntax for type integer: "NaN"
2023-04-18 07:54:13 error: [DELETE] /groups/join >> StatusCode:: 401, Message:: Wrong authentication token
2023-04-18 07:54:43 error: [DELETE] /groups/join >> StatusCode:: 404, Message:: Group not found
2023-04-18 07:55:12 error: [DELETE] /groups/join >> StatusCode:: 401, Message:: Wrong authentication token
2023-04-18 07:55:22 error: [DELETE] /groups/join >> StatusCode:: 404, Message:: Group not found
