2023-04-15 14:48:16 info: =================================
2023-04-15 14:48:16 info: ======= ENV: development =======
2023-04-15 14:48:16 info: 🚀 App listening on the port 3000
2023-04-15 14:48:16 info: =================================
2023-04-15 14:55:54 info: [0mPOST /groups [33m404[0m 41.913 ms - 146[0m
2023-04-15 14:56:12 error: [GET] /groups >> StatusCode:: 404, Message:: Authentication token missing
2023-04-15 14:56:12 info: [0mGET /groups [33m404[0m 7.378 ms - 42[0m
2023-04-15 14:56:20 info: [0mPOST /login [32m200[0m 255.255 ms - 362[0m
2023-04-15 14:56:32 error: [GET] /groups >> StatusCode:: 500, Message:: No entity column "userID" was found.
2023-04-15 14:56:32 info: [0mGET /groups [31m500[0m 74.836 ms - 52[0m
2023-04-15 15:01:04 info: =================================
2023-04-15 15:01:04 info: ======= ENV: development =======
2023-04-15 15:01:04 info: 🚀 App listening on the port 3000
2023-04-15 15:01:04 info: =================================
2023-04-15 15:02:22 info: =================================
2023-04-15 15:02:22 info: ======= ENV: development =======
2023-04-15 15:02:22 info: 🚀 App listening on the port 3000
2023-04-15 15:02:22 info: =================================
2023-04-15 15:02:45 info: =================================
2023-04-15 15:02:45 info: ======= ENV: development =======
2023-04-15 15:02:45 info: 🚀 App listening on the port 3000
2023-04-15 15:02:45 info: =================================
2023-04-15 15:22:32 info: =================================
2023-04-15 15:22:32 info: ======= ENV: development =======
2023-04-15 15:22:32 info: 🚀 App listening on the port 3000
2023-04-15 15:22:32 info: =================================
2023-04-15 15:52:44 info: =================================
2023-04-15 15:52:44 info: ======= ENV: development =======
2023-04-15 15:52:44 info: 🚀 App listening on the port 3000
2023-04-15 15:52:44 info: =================================
2023-04-15 15:53:27 info: =================================
2023-04-15 15:53:27 info: ======= ENV: development =======
2023-04-15 15:53:27 info: 🚀 App listening on the port 3000
2023-04-15 15:53:27 info: =================================
2023-04-15 15:54:14 info: =================================
2023-04-15 15:54:14 info: ======= ENV: development =======
2023-04-15 15:54:14 info: 🚀 App listening on the port 3000
2023-04-15 15:54:14 info: =================================
2023-04-15 15:54:40 info: =================================
2023-04-15 15:54:40 info: ======= ENV: development =======
2023-04-15 15:54:40 info: 🚀 App listening on the port 3000
2023-04-15 15:54:40 info: =================================
2023-04-15 15:58:32 info: =================================
2023-04-15 15:58:32 info: ======= ENV: development =======
2023-04-15 15:58:32 info: 🚀 App listening on the port 3000
2023-04-15 15:58:32 info: =================================
2023-04-15 15:59:19 info: =================================
2023-04-15 15:59:19 info: ======= ENV: development =======
2023-04-15 15:59:19 info: 🚀 App listening on the port 3000
2023-04-15 15:59:19 info: =================================
2023-04-15 15:59:59 info: =================================
2023-04-15 15:59:59 info: ======= ENV: development =======
2023-04-15 15:59:59 info: 🚀 App listening on the port 3000
2023-04-15 15:59:59 info: =================================
2023-04-15 16:00:11 info: =================================
2023-04-15 16:00:11 info: ======= ENV: development =======
2023-04-15 16:00:11 info: 🚀 App listening on the port 3000
2023-04-15 16:00:11 info: =================================
2023-04-15 16:00:32 info: =================================
2023-04-15 16:00:32 info: ======= ENV: development =======
2023-04-15 16:00:32 info: 🚀 App listening on the port 3000
2023-04-15 16:00:32 info: =================================
2023-04-15 16:02:33 info: =================================
2023-04-15 16:02:33 info: ======= ENV: development =======
2023-04-15 16:02:33 info: 🚀 App listening on the port 3000
2023-04-15 16:02:33 info: =================================
2023-04-15 16:02:45 info: =================================
2023-04-15 16:02:45 info: ======= ENV: development =======
2023-04-15 16:02:45 info: 🚀 App listening on the port 3000
2023-04-15 16:02:45 info: =================================
2023-04-15 16:03:28 info: =================================
2023-04-15 16:03:28 info: ======= ENV: development =======
2023-04-15 16:03:28 info: 🚀 App listening on the port 3000
2023-04-15 16:03:28 info: =================================
2023-04-15 16:06:09 info: =================================
2023-04-15 16:06:09 info: ======= ENV: development =======
2023-04-15 16:06:09 info: 🚀 App listening on the port 3000
2023-04-15 16:06:09 info: =================================
2023-04-15 16:06:30 info: =================================
2023-04-15 16:06:31 info: ======= ENV: development =======
2023-04-15 16:06:31 info: 🚀 App listening on the port 3000
2023-04-15 16:06:31 info: =================================
2023-04-15 16:06:45 info: =================================
2023-04-15 16:06:45 info: ======= ENV: development =======
2023-04-15 16:06:45 info: 🚀 App listening on the port 3000
2023-04-15 16:06:45 info: =================================
2023-04-15 16:08:31 info: =================================
2023-04-15 16:08:31 info: ======= ENV: development =======
2023-04-15 16:08:31 info: 🚀 App listening on the port 3000
2023-04-15 16:08:31 info: =================================
2023-04-15 16:12:15 info: =================================
2023-04-15 16:12:15 info: ======= ENV: development =======
2023-04-15 16:12:15 info: 🚀 App listening on the port 3000
2023-04-15 16:12:15 info: =================================
2023-04-15 16:13:25 info: =================================
2023-04-15 16:13:25 info: ======= ENV: development =======
2023-04-15 16:13:25 info: 🚀 App listening on the port 3000
2023-04-15 16:13:25 info: =================================
2023-04-15 16:14:06 info: =================================
2023-04-15 16:14:06 info: ======= ENV: development =======
2023-04-15 16:14:06 info: 🚀 App listening on the port 3000
2023-04-15 16:14:06 info: =================================
2023-04-15 16:23:15 info: =================================
2023-04-15 16:23:15 info: ======= ENV: development =======
2023-04-15 16:23:15 info: 🚀 App listening on the port 3000
2023-04-15 16:23:15 info: =================================
2023-04-15 16:23:38 info: =================================
2023-04-15 16:23:38 info: ======= ENV: development =======
2023-04-15 16:23:38 info: 🚀 App listening on the port 3000
2023-04-15 16:23:38 info: =================================
2023-04-15 16:24:18 info: =================================
2023-04-15 16:24:18 info: ======= ENV: development =======
2023-04-15 16:24:18 info: 🚀 App listening on the port 3000
2023-04-15 16:24:18 info: =================================
2023-04-15 16:24:35 info: =================================
2023-04-15 16:24:35 info: ======= ENV: development =======
2023-04-15 16:24:35 info: 🚀 App listening on the port 3000
2023-04-15 16:24:35 info: =================================
2023-04-15 16:25:19 info: =================================
2023-04-15 16:25:19 info: ======= ENV: development =======
2023-04-15 16:25:19 info: 🚀 App listening on the port 3000
2023-04-15 16:25:19 info: =================================
2023-04-15 16:27:04 info: =================================
2023-04-15 16:27:04 info: ======= ENV: development =======
2023-04-15 16:27:04 info: 🚀 App listening on the port 3000
2023-04-15 16:27:04 info: =================================
2023-04-15 16:27:59 info: =================================
2023-04-15 16:27:59 info: ======= ENV: development =======
2023-04-15 16:27:59 info: 🚀 App listening on the port 3000
2023-04-15 16:27:59 info: =================================
2023-04-15 16:31:08 info: =================================
2023-04-15 16:31:08 info: ======= ENV: development =======
2023-04-15 16:31:08 info: 🚀 App listening on the port 3000
2023-04-15 16:31:08 info: =================================
2023-04-15 16:43:29 info: =================================
2023-04-15 16:43:29 info: ======= ENV: development =======
2023-04-15 16:43:29 info: 🚀 App listening on the port 3000
2023-04-15 16:43:29 info: =================================
2023-04-15 16:44:49 info: =================================
2023-04-15 16:44:49 info: ======= ENV: development =======
2023-04-15 16:44:49 info: 🚀 App listening on the port 3000
2023-04-15 16:44:49 info: =================================
2023-04-15 16:50:31 info: =================================
2023-04-15 16:50:31 info: ======= ENV: development =======
2023-04-15 16:50:31 info: 🚀 App listening on the port 3000
2023-04-15 16:50:31 info: =================================
2023-04-15 16:51:00 info: =================================
2023-04-15 16:51:00 info: ======= ENV: development =======
2023-04-15 16:51:00 info: 🚀 App listening on the port 3000
2023-04-15 16:51:00 info: =================================
2023-04-15 16:52:02 info: =================================
2023-04-15 16:52:02 info: ======= ENV: development =======
2023-04-15 16:52:02 info: 🚀 App listening on the port 3000
2023-04-15 16:52:02 info: =================================
2023-04-15 16:53:20 info: =================================
2023-04-15 16:53:20 info: ======= ENV: development =======
2023-04-15 16:53:20 info: 🚀 App listening on the port 3000
2023-04-15 16:53:20 info: =================================
2023-04-15 16:56:07 info: =================================
2023-04-15 16:56:07 info: ======= ENV: development =======
2023-04-15 16:56:07 info: 🚀 App listening on the port 3000
2023-04-15 16:56:07 info: =================================
2023-04-15 16:57:22 info: =================================
2023-04-15 16:57:22 info: ======= ENV: development =======
2023-04-15 16:57:22 info: 🚀 App listening on the port 3000
2023-04-15 16:57:22 info: =================================
2023-04-15 16:57:50 info: =================================
2023-04-15 16:57:50 info: ======= ENV: development =======
2023-04-15 16:57:50 info: 🚀 App listening on the port 3000
2023-04-15 16:57:50 info: =================================
2023-04-15 16:58:14 info: =================================
2023-04-15 16:58:14 info: ======= ENV: development =======
2023-04-15 16:58:14 info: 🚀 App listening on the port 3000
2023-04-15 16:58:14 info: =================================
2023-04-15 16:58:53 info: =================================
2023-04-15 16:58:53 info: ======= ENV: development =======
2023-04-15 16:58:53 info: 🚀 App listening on the port 3000
2023-04-15 16:58:53 info: =================================
2023-04-15 16:59:50 info: =================================
2023-04-15 16:59:50 info: ======= ENV: development =======
2023-04-15 16:59:50 info: 🚀 App listening on the port 3000
2023-04-15 16:59:50 info: =================================
2023-04-15 17:00:26 info: =================================
2023-04-15 17:00:26 info: ======= ENV: development =======
2023-04-15 17:00:26 info: 🚀 App listening on the port 3000
2023-04-15 17:00:26 info: =================================
2023-04-15 17:02:52 info: =================================
2023-04-15 17:02:52 info: ======= ENV: development =======
2023-04-15 17:02:52 info: 🚀 App listening on the port 3000
2023-04-15 17:02:52 info: =================================
2023-04-15 19:23:17 info: =================================
2023-04-15 19:23:17 info: ======= ENV: development =======
2023-04-15 19:23:17 info: 🚀 App listening on the port 3000
2023-04-15 19:23:17 info: =================================
