2023-05-01 08:50:05 info: =================================
2023-05-01 08:50:05 info: ======= ENV: development =======
2023-05-01 08:50:05 info: 🚀 App listening on the port 3000
2023-05-01 08:50:05 info: =================================
2023-05-01 08:50:36 error: [POST] /users/ >> StatusCode:: 409, Message:: This email email3@email.com already exists
2023-05-01 08:50:36 info: [0mPOST /users/ [33m409[0m 184.477 ms - 56[0m
2023-05-01 08:52:03 info: =================================
2023-05-01 08:52:03 info: ======= ENV: development =======
2023-05-01 08:52:03 info: 🚀 App listening on the port 3000
2023-05-01 08:52:03 info: =================================
2023-05-01 08:52:05 error: [POST] /users/ >> StatusCode:: 409, Message:: This email email3@email.com already exists
2023-05-01 08:52:05 info: [0mPOST /users/ [33m409[0m 56.220 ms - 56[0m
2023-05-01 08:52:56 info: =================================
2023-05-01 08:52:56 info: ======= ENV: development =======
2023-05-01 08:52:56 info: 🚀 App listening on the port 3000
2023-05-01 08:52:56 info: =================================
2023-05-01 08:53:22 info: =================================
2023-05-01 08:53:23 info: ======= ENV: development =======
2023-05-01 08:53:23 info: 🚀 App listening on the port 3000
2023-05-01 08:53:23 info: =================================
2023-05-01 08:53:31 error: [POST] /users/ >> StatusCode:: 500, Message:: Unexpected end of JSON input
2023-05-01 08:53:31 info: [0mPOST /users/ [31m500[0m 240.983 ms - 42[0m
2023-05-01 08:53:47 error: [POST] /users/ >> StatusCode:: 500, Message:: Unexpected end of JSON input
2023-05-01 08:53:47 info: [0mPOST /users/ [31m500[0m 14.545 ms - 42[0m
2023-05-01 08:54:23 info: =================================
2023-05-01 08:54:23 info: ======= ENV: development =======
2023-05-01 08:54:23 info: 🚀 App listening on the port 3000
2023-05-01 08:54:23 info: =================================
2023-05-01 08:54:26 error: [POST] /users/ >> StatusCode:: 500, Message:: Unexpected end of JSON input
2023-05-01 08:54:26 info: [0mPOST /users/ [31m500[0m 51.137 ms - 42[0m
2023-05-01 08:54:38 error: [POST] /users/ >> StatusCode:: 500, Message:: Unexpected end of JSON input
2023-05-01 08:54:38 info: [0mPOST /users/ [31m500[0m 9.176 ms - 42[0m
2023-05-01 08:55:20 info: =================================
2023-05-01 08:55:20 info: ======= ENV: development =======
2023-05-01 08:55:20 info: 🚀 App listening on the port 3000
2023-05-01 08:55:20 info: =================================
2023-05-01 08:55:22 error: [POST] /users/ >> StatusCode:: 409, Message:: This google token is not valid for this email email3@email.com
2023-05-01 08:55:22 info: [0mPOST /users/ [33m409[0m 88.869 ms - 76[0m
2023-05-01 09:02:55 error: [POST] /users/ >> StatusCode:: 409, Message:: This google token is not valid for this email email3@email.com
2023-05-01 09:02:55 info: [0mPOST /users/ [33m409[0m 23.992 ms - 76[0m
2023-05-01 09:03:43 error: [POST] /users/ >> StatusCode:: 409, Message:: This google token is not valid for this email tranthong315213@gmail.com
2023-05-01 09:03:43 info: [0mPOST /users/ [33m409[0m 10.589 ms - 85[0m
2023-05-01 09:03:59 error: [POST] /users/ >> StatusCode:: 409, Message:: This google token is not valid for this email tranthong315213@gmail.com
2023-05-01 09:03:59 info: [0mPOST /users/ [33m409[0m 6.233 ms - 85[0m
2023-05-01 09:04:30 info: =================================
2023-05-01 09:04:30 info: ======= ENV: development =======
2023-05-01 09:04:30 info: 🚀 App listening on the port 3000
2023-05-01 09:04:30 info: =================================
2023-05-01 09:04:45 info: =================================
2023-05-01 09:04:45 info: ======= ENV: development =======
2023-05-01 09:04:45 info: 🚀 App listening on the port 3000
2023-05-01 09:04:45 info: =================================
2023-05-01 09:04:47 error: [POST] /users/ >> StatusCode:: 409, Message:: This google token is not valid for this email tranthong315213@gmail.com
2023-05-01 09:04:47 info: [0mPOST /users/ [33m409[0m 118.353 ms - 85[0m
2023-05-01 09:05:33 info: =================================
2023-05-01 09:05:33 info: ======= ENV: development =======
2023-05-01 09:05:33 info: 🚀 App listening on the port 3000
2023-05-01 09:05:33 info: =================================
2023-05-01 09:05:51 info: =================================
2023-05-01 09:05:51 info: ======= ENV: development =======
2023-05-01 09:05:51 info: 🚀 App listening on the port 3000
2023-05-01 09:05:51 info: =================================
2023-05-01 09:05:53 error: [POST] /users/ >> StatusCode:: 409, Message:: This google token is not valid for this email tranthong315213@gmail.com
2023-05-01 09:05:53 info: [0mPOST /users/ [33m409[0m 75.671 ms - 85[0m
2023-05-01 09:13:22 info: =================================
2023-05-01 09:13:22 info: ======= ENV: development =======
2023-05-01 09:13:22 info: 🚀 App listening on the port 3000
2023-05-01 09:13:22 info: =================================
2023-05-01 09:13:25 error: [POST] /users/ >> StatusCode:: 500, Message:: spawn UNKNOWN
2023-05-01 09:13:25 info: [0mPOST /users/ [31m500[0m 78.807 ms - 27[0m
2023-05-01 09:13:34 error: [POST] /users/ >> StatusCode:: 500, Message:: spawn UNKNOWN
2023-05-01 09:13:34 info: [0mPOST /users/ [31m500[0m 8.045 ms - 27[0m
2023-05-01 09:14:04 info: =================================
2023-05-01 09:14:04 info: ======= ENV: development =======
2023-05-01 09:14:04 info: 🚀 App listening on the port 3000
2023-05-01 09:14:04 info: =================================
2023-05-01 09:14:09 info: =================================
2023-05-01 09:14:09 info: ======= ENV: development =======
2023-05-01 09:14:09 info: 🚀 App listening on the port 3000
2023-05-01 09:14:09 info: =================================
2023-05-01 09:14:11 error: [POST] /users/ >> StatusCode:: 500, Message:: Cannot read properties of undefined (reading 'then')
2023-05-01 09:14:11 info: [0mPOST /users/ [31m500[0m 54.470 ms - 66[0m
2023-05-01 09:14:28 info: =================================
2023-05-01 09:14:28 info: ======= ENV: development =======
2023-05-01 09:14:28 info: 🚀 App listening on the port 3000
2023-05-01 09:14:28 info: =================================
2023-05-01 09:14:49 info: =================================
2023-05-01 09:14:49 info: ======= ENV: development =======
2023-05-01 09:14:49 info: 🚀 App listening on the port 3000
2023-05-01 09:14:49 info: =================================
2023-05-01 09:15:00 error: [POST] /users/ >> StatusCode:: 409, Message:: This google token is not valid for this email tranthong315213@gmail.com
2023-05-01 09:15:00 info: [0mPOST /users/ [33m409[0m 61.081 ms - 85[0m
2023-05-01 09:16:36 info: =================================
2023-05-01 09:16:36 info: ======= ENV: development =======
2023-05-01 09:16:36 info: 🚀 App listening on the port 3000
2023-05-01 09:16:36 info: =================================
2023-05-01 09:16:39 error: [POST] /users/ >> StatusCode:: 409, Message:: This google token is not valid for this email tranthong315213@gmail.com
2023-05-01 09:16:39 info: [0mPOST /users/ [33m409[0m 62.896 ms - 85[0m
2023-05-01 09:16:57 info: =================================
2023-05-01 09:16:57 info: ======= ENV: development =======
2023-05-01 09:16:57 info: 🚀 App listening on the port 3000
2023-05-01 09:16:57 info: =================================
2023-05-01 09:17:03 error: [POST] /users/ >> StatusCode:: 409, Message:: This google token is not valid for this email tranthong315213@gmail.com
2023-05-01 09:17:03 info: [0mPOST /users/ [33m409[0m 70.764 ms - 85[0m
2023-05-01 09:18:33 info: =================================
2023-05-01 09:18:33 info: ======= ENV: development =======
2023-05-01 09:18:33 info: 🚀 App listening on the port 3000
2023-05-01 09:18:33 info: =================================
2023-05-01 09:19:12 info: =================================
2023-05-01 09:19:12 info: ======= ENV: development =======
2023-05-01 09:19:12 info: 🚀 App listening on the port 3000
2023-05-01 09:19:12 info: =================================
2023-05-01 09:19:14 error: [POST] /users/ >> StatusCode:: 409, Message:: This google token is not valid for this email tranthong315213@gmail.com
2023-05-01 09:19:14 info: [0mPOST /users/ [33m409[0m 68.717 ms - 85[0m
2023-05-01 09:21:25 info: =================================
2023-05-01 09:21:25 info: ======= ENV: development =======
2023-05-01 09:21:25 info: 🚀 App listening on the port 3000
2023-05-01 09:21:25 info: =================================
2023-05-01 09:21:43 info: =================================
2023-05-01 09:21:43 info: ======= ENV: development =======
2023-05-01 09:21:43 info: 🚀 App listening on the port 3000
2023-05-01 09:21:43 info: =================================
2023-05-01 09:22:08 info: =================================
2023-05-01 09:22:08 info: ======= ENV: development =======
2023-05-01 09:22:08 info: 🚀 App listening on the port 3000
2023-05-01 09:22:08 info: =================================
2023-05-01 09:22:12 info: [0mPOST /users/ [32m201[0m 236.547 ms - 225[0m
2023-05-01 09:22:28 info: =================================
2023-05-01 09:22:28 info: ======= ENV: development =======
2023-05-01 09:22:28 info: 🚀 App listening on the port 3000
2023-05-01 09:22:28 info: =================================
2023-05-01 09:22:58 info: =================================
2023-05-01 09:22:58 info: ======= ENV: development =======
2023-05-01 09:22:58 info: 🚀 App listening on the port 3000
2023-05-01 09:22:58 info: =================================
2023-05-01 09:23:00 error: [POST] /users/ >> StatusCode:: 409, Message:: This email tranthong315213@gmail.com already exists
2023-05-01 09:23:00 info: [0mPOST /users/ [33m409[0m 70.409 ms - 65[0m
2023-05-01 09:23:29 info: =================================
2023-05-01 09:23:29 info: ======= ENV: development =======
2023-05-01 09:23:29 info: 🚀 App listening on the port 3000
2023-05-01 09:23:29 info: =================================
2023-05-01 09:23:45 info: =================================
2023-05-01 09:23:45 info: ======= ENV: development =======
2023-05-01 09:23:45 info: 🚀 App listening on the port 3000
2023-05-01 09:23:45 info: =================================
2023-05-01 09:23:47 info: [0mPOST /users/ [32m201[0m 86.168 ms - 151[0m
2023-05-01 09:37:42 info: =================================
2023-05-01 09:37:42 info: ======= ENV: development =======
2023-05-01 09:37:42 info: 🚀 App listening on the port 3000
2023-05-01 09:37:42 info: =================================
2023-05-01 09:37:45 info: [0mPOST /users/ [32m201[0m 70.828 ms - 151[0m
2023-05-01 09:38:20 info: =================================
2023-05-01 09:38:20 info: ======= ENV: development =======
2023-05-01 09:38:20 info: 🚀 App listening on the port 3000
2023-05-01 09:38:20 info: =================================
2023-05-01 09:38:44 info: =================================
2023-05-01 09:38:44 info: ======= ENV: development =======
2023-05-01 09:38:44 info: 🚀 App listening on the port 3000
2023-05-01 09:38:44 info: =================================
2023-05-01 09:38:51 info: [0mPOST /users/ [32m201[0m 76.466 ms - 151[0m
2023-05-01 09:39:36 info: =================================
2023-05-01 09:39:36 info: ======= ENV: development =======
2023-05-01 09:39:36 info: 🚀 App listening on the port 3000
2023-05-01 09:39:36 info: =================================
2023-05-01 09:39:38 info: [0mPOST /users/ [32m201[0m 77.515 ms - 151[0m
2023-05-01 09:40:51 info: =================================
2023-05-01 09:40:51 info: ======= ENV: development =======
2023-05-01 09:40:51 info: 🚀 App listening on the port 3000
2023-05-01 09:40:51 info: =================================
2023-05-01 09:40:54 info: [0mPOST /users/ [32m201[0m 86.956 ms - 151[0m
2023-05-01 09:42:25 info: =================================
2023-05-01 09:42:25 info: ======= ENV: development =======
2023-05-01 09:42:25 info: 🚀 App listening on the port 3000
2023-05-01 09:42:25 info: =================================
2023-05-01 09:42:40 info: =================================
2023-05-01 09:42:40 info: ======= ENV: development =======
2023-05-01 09:42:40 info: 🚀 App listening on the port 3000
2023-05-01 09:42:40 info: =================================
2023-05-01 09:42:43 info: [0mPOST /users/ [32m201[0m 80.680 ms - 151[0m
2023-05-01 09:43:14 info: =================================
2023-05-01 09:43:14 info: ======= ENV: development =======
2023-05-01 09:43:14 info: 🚀 App listening on the port 3000
2023-05-01 09:43:14 info: =================================
2023-05-01 09:43:18 info: [0mPOST /users/ [32m201[0m 82.990 ms - 21[0m
2023-05-01 09:44:09 info: =================================
2023-05-01 09:44:09 info: ======= ENV: development =======
2023-05-01 09:44:09 info: 🚀 App listening on the port 3000
2023-05-01 09:44:09 info: =================================
2023-05-01 09:44:12 info: [0mPOST /users/ [32m201[0m 100.472 ms - 21[0m
2023-05-01 09:44:44 info: =================================
2023-05-01 09:44:44 info: ======= ENV: development =======
2023-05-01 09:44:44 info: 🚀 App listening on the port 3000
2023-05-01 09:44:44 info: =================================
2023-05-01 09:44:46 info: [0mPOST /users/ [32m201[0m 53.721 ms - 21[0m
2023-05-01 09:45:20 info: =================================
2023-05-01 09:45:20 info: ======= ENV: development =======
2023-05-01 09:45:20 info: 🚀 App listening on the port 3000
2023-05-01 09:45:20 info: =================================
2023-05-01 09:45:22 info: [0mPOST /users/ [32m201[0m 68.556 ms - 21[0m
2023-05-01 09:45:52 info: =================================
2023-05-01 09:45:52 info: ======= ENV: development =======
2023-05-01 09:45:52 info: 🚀 App listening on the port 3000
2023-05-01 09:45:52 info: =================================
2023-05-01 09:45:56 info: [0mPOST /users/ [32m201[0m 65.090 ms - 21[0m
2023-05-01 09:46:34 info: =================================
2023-05-01 09:46:34 info: ======= ENV: development =======
2023-05-01 09:46:34 info: 🚀 App listening on the port 3000
2023-05-01 09:46:34 info: =================================
2023-05-01 09:46:37 info: [0mPOST /users/ [32m201[0m 109.665 ms - 21[0m
2023-05-01 09:46:51 info: =================================
2023-05-01 09:46:51 info: ======= ENV: development =======
2023-05-01 09:46:51 info: 🚀 App listening on the port 3000
2023-05-01 09:46:51 info: =================================
2023-05-01 09:46:53 info: [0mPOST /users/ [32m201[0m 70.605 ms - 21[0m
2023-05-01 09:47:20 info: =================================
2023-05-01 09:47:20 info: ======= ENV: development =======
2023-05-01 09:47:20 info: 🚀 App listening on the port 3000
2023-05-01 09:47:20 info: =================================
2023-05-01 09:47:22 info: [0mPOST /users/ [32m201[0m 121.067 ms - 21[0m
2023-05-01 09:47:46 info: =================================
2023-05-01 09:47:46 info: ======= ENV: development =======
2023-05-01 09:47:46 info: 🚀 App listening on the port 3000
2023-05-01 09:47:46 info: =================================
2023-05-01 09:47:46 info: [0mPOST /users/ [32m201[0m 79.326 ms - 21[0m
2023-05-01 09:48:07 info: =================================
2023-05-01 09:48:07 info: ======= ENV: development =======
2023-05-01 09:48:07 info: 🚀 App listening on the port 3000
2023-05-01 09:48:07 info: =================================
2023-05-01 09:48:11 info: [0mPOST /users/ [32m201[0m 62.674 ms - 21[0m
2023-05-01 09:49:14 info: =================================
2023-05-01 09:49:14 info: ======= ENV: development =======
2023-05-01 09:49:14 info: 🚀 App listening on the port 3000
2023-05-01 09:49:14 info: =================================
2023-05-01 09:49:16 info: [0mPOST /users/ [32m201[0m 54.068 ms - 21[0m
2023-05-01 09:49:43 info: =================================
2023-05-01 09:49:43 info: ======= ENV: development =======
2023-05-01 09:49:43 info: 🚀 App listening on the port 3000
2023-05-01 09:49:43 info: =================================
2023-05-01 09:49:45 info: [0mPOST /users/ [32m201[0m 134.841 ms - 21[0m
2023-05-01 09:51:09 info: =================================
2023-05-01 09:51:09 info: ======= ENV: development =======
2023-05-01 09:51:09 info: 🚀 App listening on the port 3000
2023-05-01 09:51:09 info: =================================
2023-05-01 09:54:17 info: =================================
2023-05-01 09:54:17 info: ======= ENV: development =======
2023-05-01 09:54:17 info: 🚀 App listening on the port 3000
2023-05-01 09:54:17 info: =================================
2023-05-01 09:57:37 info: =================================
2023-05-01 09:57:37 info: ======= ENV: development =======
2023-05-01 09:57:37 info: 🚀 App listening on the port 3000
2023-05-01 09:57:37 info: =================================
2023-05-01 09:57:45 info: =================================
2023-05-01 09:57:45 info: ======= ENV: development =======
2023-05-01 09:57:45 info: 🚀 App listening on the port 3000
2023-05-01 09:57:45 info: =================================
2023-05-01 09:58:29 info: =================================
2023-05-01 09:58:30 info: ======= ENV: development =======
2023-05-01 09:58:30 info: 🚀 App listening on the port 3000
2023-05-01 09:58:30 info: =================================
2023-05-01 10:01:56 info: =================================
2023-05-01 10:01:56 info: ======= ENV: development =======
2023-05-01 10:01:56 info: 🚀 App listening on the port 3000
2023-05-01 10:01:56 info: =================================
2023-05-01 10:02:50 info: =================================
2023-05-01 10:02:50 info: ======= ENV: development =======
2023-05-01 10:02:50 info: 🚀 App listening on the port 3000
2023-05-01 10:02:50 info: =================================
2023-05-01 10:02:53 info: [0mPOST /users/ [32m201[0m 64.837 ms - 21[0m
2023-05-01 10:03:12 info: =================================
2023-05-01 10:03:12 info: ======= ENV: development =======
2023-05-01 10:03:12 info: 🚀 App listening on the port 3000
2023-05-01 10:03:12 info: =================================
2023-05-01 10:03:20 info: =================================
2023-05-01 10:03:20 info: ======= ENV: development =======
2023-05-01 10:03:20 info: 🚀 App listening on the port 3000
2023-05-01 10:03:20 info: =================================
2023-05-01 10:03:29 info: [0mPOST /users/ [32m201[0m 54.551 ms - 21[0m
