2023-05-02 10:04:07 info: =================================
2023-05-02 10:04:08 info: ======= ENV: development =======
2023-05-02 10:04:08 info: 🚀 App listening on the port 3000
2023-05-02 10:04:08 info: =================================
2023-05-02 10:04:26 error: [POST] /users/ >> StatusCode:: 500, Message:: axios_1.Axios.get is not a function
2023-05-02 10:04:26 info: [0mPOST /users/ [31m500[0m 73.162 ms - 49[0m
2023-05-02 10:04:58 info: =================================
2023-05-02 10:04:58 info: ======= ENV: development =======
2023-05-02 10:04:58 info: 🚀 App listening on the port 3000
2023-05-02 10:04:58 info: =================================
2023-05-02 10:05:16 info: =================================
2023-05-02 10:05:16 info: ======= ENV: development =======
2023-05-02 10:05:16 info: 🚀 App listening on the port 3000
2023-05-02 10:05:16 info: =================================
2023-05-02 10:05:19 info: [0mPOST /users/ [32m201[0m 73.864 ms - 21[0m
2023-05-02 10:05:46 info: =================================
2023-05-02 10:05:46 info: ======= ENV: development =======
2023-05-02 10:05:46 info: 🚀 App listening on the port 3000
2023-05-02 10:05:46 info: =================================
2023-05-02 10:05:49 info: [0mPOST /users/ [32m201[0m 61.854 ms - 21[0m
2023-05-02 10:06:00 info: [0mPOST /users/ [32m201[0m 10.133 ms - 21[0m
2023-05-02 10:06:17 info: =================================
2023-05-02 10:06:17 info: ======= ENV: development =======
2023-05-02 10:06:17 info: 🚀 App listening on the port 3000
2023-05-02 10:06:17 info: =================================
2023-05-02 10:06:20 info: [0mPOST /users/ [32m201[0m 74.877 ms - 21[0m
2023-05-02 10:08:19 info: [0mPOST /users/ [32m201[0m 19.970 ms - 21[0m
2023-05-02 10:08:43 info: =================================
2023-05-02 10:08:43 info: ======= ENV: development =======
2023-05-02 10:08:43 info: 🚀 App listening on the port 3000
2023-05-02 10:08:43 info: =================================
2023-05-02 10:08:47 info: [0mPOST /users/ [32m201[0m 68.667 ms - 21[0m
2023-05-02 10:09:12 info: =================================
2023-05-02 10:09:12 info: ======= ENV: development =======
2023-05-02 10:09:12 info: 🚀 App listening on the port 3000
2023-05-02 10:09:12 info: =================================
2023-05-02 10:09:26 info: [0mPOST /users/ [32m201[0m 79.220 ms - 21[0m
2023-05-02 10:10:32 info: =================================
2023-05-02 10:10:32 info: ======= ENV: development =======
2023-05-02 10:10:32 info: 🚀 App listening on the port 3000
2023-05-02 10:10:32 info: =================================
2023-05-02 10:10:41 info: [0mPOST /users/ [32m201[0m 66.880 ms - 21[0m
2023-05-02 10:10:58 info: =================================
2023-05-02 10:10:58 info: ======= ENV: development =======
2023-05-02 10:10:58 info: 🚀 App listening on the port 3000
2023-05-02 10:10:58 info: =================================
2023-05-02 10:11:02 info: [0mPOST /users/ [32m201[0m 74.346 ms - 21[0m
2023-05-02 10:11:14 info: =================================
2023-05-02 10:11:14 info: ======= ENV: development =======
2023-05-02 10:11:14 info: 🚀 App listening on the port 3000
2023-05-02 10:11:14 info: =================================
2023-05-02 10:11:16 info: [0mPOST /users/ [32m201[0m 69.572 ms - 21[0m
2023-05-02 10:14:15 info: =================================
2023-05-02 10:14:15 info: ======= ENV: development =======
2023-05-02 10:14:15 info: 🚀 App listening on the port 3000
2023-05-02 10:14:15 info: =================================
2023-05-02 10:16:54 info: =================================
2023-05-02 10:16:54 info: ======= ENV: development =======
2023-05-02 10:16:54 info: 🚀 App listening on the port 3000
2023-05-02 10:16:54 info: =================================
2023-05-02 10:19:29 info: [0mPOST /users/ [32m201[0m 110.368 ms - 21[0m
2023-05-02 10:21:17 info: =================================
2023-05-02 10:21:17 info: ======= ENV: development =======
2023-05-02 10:21:17 info: 🚀 App listening on the port 3000
2023-05-02 10:21:17 info: =================================
2023-05-02 10:21:19 info: [0mPOST /users/ [32m201[0m 64.934 ms - 21[0m
2023-05-02 10:21:46 info: =================================
2023-05-02 10:21:46 info: ======= ENV: development =======
2023-05-02 10:21:46 info: 🚀 App listening on the port 3000
2023-05-02 10:21:46 info: =================================
2023-05-02 10:21:50 info: [0mPOST /users/ [32m201[0m 61.947 ms - 21[0m
2023-05-02 10:22:10 info: =================================
2023-05-02 10:22:10 info: ======= ENV: development =======
2023-05-02 10:22:10 info: 🚀 App listening on the port 3000
2023-05-02 10:22:10 info: =================================
2023-05-02 10:22:12 info: [0mPOST /users/ [32m201[0m 79.564 ms - 21[0m
2023-05-02 10:22:25 info: [0mPOST /users/ [32m201[0m 16.223 ms - 21[0m
2023-05-02 10:22:53 info: =================================
2023-05-02 10:22:53 info: ======= ENV: development =======
2023-05-02 10:22:53 info: 🚀 App listening on the port 3000
2023-05-02 10:22:53 info: =================================
2023-05-02 10:22:55 info: [0mPOST /users/ [32m201[0m 79.129 ms - 21[0m
2023-05-02 10:23:46 info: =================================
2023-05-02 10:23:46 info: ======= ENV: development =======
2023-05-02 10:23:46 info: 🚀 App listening on the port 3000
2023-05-02 10:23:46 info: =================================
2023-05-02 10:26:21 info: =================================
2023-05-02 10:26:21 info: ======= ENV: development =======
2023-05-02 10:26:21 info: 🚀 App listening on the port 3000
2023-05-02 10:26:21 info: =================================
2023-05-02 10:26:26 info: [0mPOST /users/ [32m201[0m 75.664 ms - 21[0m
2023-05-02 10:27:46 info: =================================
2023-05-02 10:27:46 info: ======= ENV: development =======
2023-05-02 10:27:46 info: 🚀 App listening on the port 3000
2023-05-02 10:27:46 info: =================================
2023-05-02 10:27:50 info: [0mPOST /users/ [32m201[0m 61.240 ms - 21[0m
2023-05-02 10:30:40 info: =================================
2023-05-02 10:30:40 info: ======= ENV: development =======
2023-05-02 10:30:40 info: 🚀 App listening on the port 3000
2023-05-02 10:30:40 info: =================================
2023-05-02 10:30:44 info: [0mPOST /users/ [32m201[0m 96.124 ms - 21[0m
2023-05-02 10:31:38 info: =================================
2023-05-02 10:31:38 info: ======= ENV: development =======
2023-05-02 10:31:38 info: 🚀 App listening on the port 3000
2023-05-02 10:31:38 info: =================================
2023-05-02 10:31:47 info: =================================
2023-05-02 10:31:47 info: ======= ENV: development =======
2023-05-02 10:31:47 info: 🚀 App listening on the port 3000
2023-05-02 10:31:47 info: =================================
2023-05-02 10:31:49 info: [0mPOST /users/ [32m201[0m 365.969 ms - 151[0m
2023-05-02 10:36:55 info: =================================
2023-05-02 10:36:55 info: ======= ENV: development =======
2023-05-02 10:36:55 info: 🚀 App listening on the port 3000
2023-05-02 10:36:55 info: =================================
2023-05-02 10:38:38 info: =================================
2023-05-02 10:38:38 info: ======= ENV: development =======
2023-05-02 10:38:38 info: 🚀 App listening on the port 3000
2023-05-02 10:38:38 info: =================================
2023-05-02 15:26:43 info: =================================
2023-05-02 15:26:43 info: ======= ENV: development =======
2023-05-02 15:26:43 info: 🚀 App listening on the port 3000
2023-05-02 15:26:43 info: =================================
