2023-05-07 14:13:20 info: =================================
2023-05-07 14:13:20 info: ======= ENV: development =======
2023-05-07 14:13:20 info: 🚀 App listening on the port 3000
2023-05-07 14:13:20 info: =================================
2023-05-07 14:13:35 info: [0mGET / [33m404[0m 22.055 ms - 139[0m
2023-05-07 14:13:48 info: [0mGET /api-docs [36m301[0m 8.413 ms - 183[0m
2023-05-07 14:13:48 info: [0mGET /api-docs/ [32m200[0m 11.247 ms - -[0m
2023-05-07 14:13:48 info: [0mGET /api-docs/swagger-ui-init.js [32m200[0m 1.323 ms - -[0m
2023-05-07 14:13:48 info: [0mGET /api-docs/swagger-ui.css [32m200[0m 31.282 ms - -[0m
2023-05-07 14:13:48 info: [0mGET /api-docs/swagger-ui-standalone-preset.js [32m200[0m 21.395 ms - -[0m
2023-05-07 14:13:48 info: [0mGET /api-docs/swagger-ui-bundle.js [32m200[0m 26.638 ms - -[0m
2023-05-07 14:13:49 info: [0mGET /api-docs/favicon-32x32.png [32m200[0m 2.597 ms - 628[0m
2023-05-07 14:23:31 info: =================================
2023-05-07 14:23:31 info: ======= ENV: development =======
2023-05-07 14:23:31 info: 🚀 App listening on the port 3000
2023-05-07 14:23:31 info: =================================
2023-05-07 14:27:03 info: =================================
2023-05-07 14:27:03 info: ======= ENV: development =======
2023-05-07 14:27:03 info: 🚀 App listening on the port 3000
2023-05-07 14:27:03 info: =================================
2023-05-07 14:28:46 info: =================================
2023-05-07 14:28:46 info: ======= ENV: development =======
2023-05-07 14:28:46 info: 🚀 App listening on the port 3000
2023-05-07 14:28:46 info: =================================
2023-05-07 14:28:59 info: =================================
2023-05-07 14:28:59 info: ======= ENV: development =======
2023-05-07 14:28:59 info: 🚀 App listening on the port 3000
2023-05-07 14:28:59 info: =================================
2023-05-07 14:34:01 info: =================================
2023-05-07 14:34:01 info: ======= ENV: development =======
2023-05-07 14:34:01 info: 🚀 App listening on the port 3000
2023-05-07 14:34:01 info: =================================
