2023-04-17 06:50:07 info: =================================
2023-04-17 06:50:07 info: ======= ENV: development =======
2023-04-17 06:50:07 info: 🚀 App listening on the port 3000
2023-04-17 06:50:07 info: =================================
2023-04-17 06:51:39 info: =================================
2023-04-17 06:51:39 info: ======= ENV: development =======
2023-04-17 06:51:39 info: 🚀 App listening on the port 3000
2023-04-17 06:51:39 info: =================================
2023-04-17 06:52:39 info: =================================
2023-04-17 06:52:39 info: ======= ENV: development =======
2023-04-17 06:52:39 info: 🚀 App listening on the port 3000
2023-04-17 06:52:39 info: =================================
2023-04-17 06:55:11 info: =================================
2023-04-17 06:55:11 info: ======= ENV: development =======
2023-04-17 06:55:11 info: 🚀 App listening on the port 3000
2023-04-17 06:55:11 info: =================================
2023-04-17 06:55:27 info: =================================
2023-04-17 06:55:27 info: ======= ENV: development =======
2023-04-17 06:55:27 info: 🚀 App listening on the port 3000
2023-04-17 06:55:27 info: =================================
2023-04-17 06:55:42 info: =================================
2023-04-17 06:55:42 info: ======= ENV: development =======
2023-04-17 06:55:42 info: 🚀 App listening on the port 3000
2023-04-17 06:55:42 info: =================================
2023-04-17 06:55:55 info: =================================
2023-04-17 06:55:55 info: ======= ENV: development =======
2023-04-17 06:55:55 info: 🚀 App listening on the port 3000
2023-04-17 06:55:55 info: =================================
2023-04-17 06:56:33 info: =================================
2023-04-17 06:56:33 info: ======= ENV: development =======
2023-04-17 06:56:33 info: 🚀 App listening on the port 3000
2023-04-17 06:56:33 info: =================================
2023-04-17 06:57:35 info: =================================
2023-04-17 06:57:35 info: ======= ENV: development =======
2023-04-17 06:57:35 info: 🚀 App listening on the port 3000
2023-04-17 06:57:35 info: =================================
2023-04-17 06:57:49 info: =================================
2023-04-17 06:57:49 info: ======= ENV: development =======
2023-04-17 06:57:49 info: 🚀 App listening on the port 3000
2023-04-17 06:57:49 info: =================================
2023-04-17 06:58:00 info: =================================
2023-04-17 06:58:00 info: ======= ENV: development =======
2023-04-17 06:58:00 info: 🚀 App listening on the port 3000
2023-04-17 06:58:00 info: =================================
2023-04-17 07:21:17 info: =================================
2023-04-17 07:21:17 info: ======= ENV: development =======
2023-04-17 07:21:17 info: 🚀 App listening on the port 3000
2023-04-17 07:21:17 info: =================================
2023-04-17 07:21:34 info: =================================
2023-04-17 07:21:34 info: ======= ENV: development =======
2023-04-17 07:21:34 info: 🚀 App listening on the port 3000
2023-04-17 07:21:34 info: =================================
2023-04-17 07:29:57 info: =================================
2023-04-17 07:29:57 info: ======= ENV: development =======
2023-04-17 07:29:57 info: 🚀 App listening on the port 3000
2023-04-17 07:29:57 info: =================================
2023-04-17 07:30:19 info: =================================
2023-04-17 07:30:19 info: ======= ENV: development =======
2023-04-17 07:30:19 info: 🚀 App listening on the port 3000
2023-04-17 07:30:19 info: =================================
2023-04-17 07:30:23 error: [GET] /groups >> StatusCode:: 404, Message:: Authentication token missing
2023-04-17 07:30:23 info: [0mGET /groups [33m404[0m 9.699 ms - 42[0m
2023-04-17 07:30:30 error: [POST] /groups >> StatusCode:: 404, Message:: Authentication token missing
2023-04-17 07:30:30 info: [0mPOST /groups [33m404[0m 3.360 ms - 42[0m
2023-04-17 07:30:35 info: [0mPOST /login [32m200[0m 277.953 ms - 362[0m
2023-04-17 07:30:46 error: [POST] /groups >> StatusCode:: 500, Message:: invalid input syntax for type integer: "NaN"
2023-04-17 07:30:46 info: [0mPOST /groups [31m500[0m 100.200 ms - 60[0m
2023-04-17 07:31:59 info: =================================
2023-04-17 07:31:59 info: ======= ENV: development =======
2023-04-17 07:31:59 info: 🚀 App listening on the port 3000
2023-04-17 07:31:59 info: =================================
2023-04-17 07:32:19 info: =================================
2023-04-17 07:32:19 info: ======= ENV: development =======
2023-04-17 07:32:19 info: 🚀 App listening on the port 3000
2023-04-17 07:32:19 info: =================================
2023-04-17 07:33:24 info: =================================
2023-04-17 07:33:24 info: ======= ENV: development =======
2023-04-17 07:33:24 info: 🚀 App listening on the port 3000
2023-04-17 07:33:24 info: =================================
2023-04-17 07:34:22 info: =================================
2023-04-17 07:34:22 info: ======= ENV: development =======
2023-04-17 07:34:22 info: 🚀 App listening on the port 3000
2023-04-17 07:34:22 info: =================================
2023-04-17 07:34:28 error: [POST] /groups >> StatusCode:: 400, Message:: name should not be empty,name must be a string
2023-04-17 07:34:28 info: [0mPOST /groups [33m400[0m 23.766 ms - 60[0m
2023-04-17 07:34:47 error: [POST] /groups >> StatusCode:: 500, Message:: invalid input syntax for type integer: "NaN"
2023-04-17 07:34:47 info: [0mPOST /groups [31m500[0m 154.247 ms - 60[0m
2023-04-17 07:40:39 info: =================================
2023-04-17 07:40:39 info: ======= ENV: development =======
2023-04-17 07:40:39 info: 🚀 App listening on the port 3000
2023-04-17 07:40:39 info: =================================
2023-04-17 07:41:30 info: =================================
2023-04-17 07:41:30 info: ======= ENV: development =======
2023-04-17 07:41:30 info: 🚀 App listening on the port 3000
2023-04-17 07:41:30 info: =================================
2023-04-17 07:41:33 error: [POST] /groups >> StatusCode:: 400, Message:: description must be a string, userID should not be empty,userID must be a string
2023-04-17 07:41:33 info: [0mPOST /groups [33m400[0m 39.446 ms - 94[0m
2023-04-17 07:41:46 error: [POST] /groups >> StatusCode:: 400, Message:: description must be a string
2023-04-17 07:41:46 info: [0mPOST /groups [33m400[0m 3.933 ms - 42[0m
2023-04-17 07:42:03 info: =================================
2023-04-17 07:42:03 info: ======= ENV: development =======
2023-04-17 07:42:03 info: 🚀 App listening on the port 3000
2023-04-17 07:42:03 info: =================================
2023-04-17 07:42:11 error: [POST] /groups >> StatusCode:: 400, Message:: description must be a string
2023-04-17 07:42:11 info: [0mPOST /groups [33m400[0m 33.438 ms - 42[0m
2023-04-17 07:42:24 info: =================================
2023-04-17 07:42:24 info: ======= ENV: development =======
2023-04-17 07:42:24 info: 🚀 App listening on the port 3000
2023-04-17 07:42:24 info: =================================
2023-04-17 07:42:27 error: [POST] /groups >> StatusCode:: 500, Message:: invalid input syntax for type integer: "NaN"
2023-04-17 07:42:27 info: [0mPOST /groups [31m500[0m 55.265 ms - 60[0m
2023-04-17 14:27:21 info: =================================
2023-04-17 14:27:21 info: ======= ENV: development =======
2023-04-17 14:27:21 info: 🚀 App listening on the port 3000
2023-04-17 14:27:21 info: =================================
2023-04-17 14:27:24 error: [POST] /groups >> StatusCode:: 404, Message:: Authentication token missing
2023-04-17 14:27:24 info: [0mPOST /groups [33m404[0m 41.561 ms - 42[0m
2023-04-17 14:27:30 info: [0mPOST /login [32m200[0m 165.578 ms - 362[0m
2023-04-17 14:27:41 error: [POST] /groups >> StatusCode:: 500, Message:: null value in column "description" of relation "group_entity" violates not-null constraint
2023-04-17 14:27:41 info: [0mPOST /groups [31m500[0m 138.166 ms - 108[0m
2023-04-17 14:28:09 info: =================================
2023-04-17 14:28:09 info: ======= ENV: development =======
2023-04-17 14:28:09 info: 🚀 App listening on the port 3000
2023-04-17 14:28:09 info: =================================
2023-04-17 14:28:16 info: =================================
2023-04-17 14:28:16 info: ======= ENV: development =======
2023-04-17 14:28:16 info: 🚀 App listening on the port 3000
2023-04-17 14:28:16 info: =================================
2023-04-17 14:28:18 error: [POST] /groups >> StatusCode:: 500, Message:: null value in column "description" of relation "group_entity" violates not-null constraint
2023-04-17 14:28:18 info: [0mPOST /groups [31m500[0m 72.161 ms - 108[0m
2023-04-17 14:28:20 error: [POST] /groups >> StatusCode:: 500, Message:: null value in column "description" of relation "group_entity" violates not-null constraint
2023-04-17 14:28:20 info: [0mPOST /groups [31m500[0m 14.534 ms - 108[0m
2023-04-17 14:29:30 info: =================================
2023-04-17 14:29:30 info: ======= ENV: development =======
2023-04-17 14:29:30 info: 🚀 App listening on the port 3000
2023-04-17 14:29:30 info: =================================
2023-04-17 14:29:45 info: =================================
2023-04-17 14:29:45 info: ======= ENV: development =======
2023-04-17 14:29:45 info: 🚀 App listening on the port 3000
2023-04-17 14:29:45 info: =================================
2023-04-17 14:29:55 error: [POST] /groups >> StatusCode:: 500, Message:: null value in column "description" of relation "group_entity" violates not-null constraint
2023-04-17 14:29:55 info: [0mPOST /groups [31m500[0m 74.731 ms - 108[0m
2023-04-17 14:34:04 info: =================================
2023-04-17 14:34:04 info: ======= ENV: development =======
2023-04-17 14:34:04 info: 🚀 App listening on the port 3000
2023-04-17 14:34:04 info: =================================
2023-04-17 14:34:08 error: [POST] /groups >> StatusCode:: 500, Message:: null value in column "description" of relation "group_entity" violates not-null constraint
2023-04-17 14:34:08 info: [0mPOST /groups [31m500[0m 93.031 ms - 108[0m
2023-04-17 14:36:36 info: =================================
2023-04-17 14:36:36 info: ======= ENV: development =======
2023-04-17 14:36:36 info: 🚀 App listening on the port 3000
2023-04-17 14:36:36 info: =================================
2023-04-17 14:36:40 error: [POST] /groups >> StatusCode:: 500, Message:: null value in column "joinCode" of relation "group_entity" violates not-null constraint
2023-04-17 14:36:40 info: [0mPOST /groups [31m500[0m 69.553 ms - 105[0m
2023-04-17 14:37:05 info: =================================
2023-04-17 14:37:05 info: ======= ENV: development =======
2023-04-17 14:37:05 info: 🚀 App listening on the port 3000
2023-04-17 14:37:05 info: =================================
2023-04-17 14:37:07 error: [POST] /groups >> StatusCode:: 500, Message:: null value in column "updatedAt" of relation "group_entity" violates not-null constraint
2023-04-17 14:37:07 info: [0mPOST /groups [31m500[0m 75.658 ms - 106[0m
2023-04-17 14:37:25 info: =================================
2023-04-17 14:37:25 info: ======= ENV: development =======
2023-04-17 14:37:25 info: 🚀 App listening on the port 3000
2023-04-17 14:37:25 info: =================================
2023-04-17 14:37:26 info: [0mPOST /groups [32m201[0m 69.331 ms - 213[0m
2023-04-17 14:39:56 info: =================================
2023-04-17 14:39:56 info: ======= ENV: development =======
2023-04-17 14:39:56 info: 🚀 App listening on the port 3000
2023-04-17 14:39:56 info: =================================
2023-04-17 14:42:09 info: =================================
2023-04-17 14:42:09 info: ======= ENV: development =======
2023-04-17 14:42:09 info: 🚀 App listening on the port 3000
2023-04-17 14:42:09 info: =================================
2023-04-17 14:42:21 info: =================================
2023-04-17 14:42:21 info: ======= ENV: development =======
2023-04-17 14:42:21 info: 🚀 App listening on the port 3000
2023-04-17 14:42:21 info: =================================
2023-04-17 14:42:24 info: [0mPOST /groups [32m201[0m 87.588 ms - 213[0m
2023-04-17 14:43:14 info: =================================
2023-04-17 14:43:14 info: ======= ENV: development =======
2023-04-17 14:43:14 info: 🚀 App listening on the port 3000
2023-04-17 14:43:14 info: =================================
2023-04-17 14:43:38 info: =================================
2023-04-17 14:43:38 info: ======= ENV: development =======
2023-04-17 14:43:38 info: 🚀 App listening on the port 3000
2023-04-17 14:43:38 info: =================================
2023-04-17 14:43:58 info: =================================
2023-04-17 14:43:58 info: ======= ENV: development =======
2023-04-17 14:43:58 info: 🚀 App listening on the port 3000
2023-04-17 14:43:58 info: =================================
2023-04-17 14:44:00 error: [POST] /groups >> StatusCode:: 500, Message:: Cannot read properties of undefined (reading 'ownerColumns')
2023-04-17 14:44:00 info: [0mPOST /groups [31m500[0m 54.869 ms - 74[0m
2023-04-17 14:44:21 error: [POST] /groups >> StatusCode:: 500, Message:: Cannot read properties of undefined (reading 'ownerColumns')
2023-04-17 14:44:21 info: [0mPOST /groups [31m500[0m 78.181 ms - 74[0m
2023-04-17 14:44:55 info: =================================
2023-04-17 14:44:55 info: ======= ENV: development =======
2023-04-17 14:44:55 info: 🚀 App listening on the port 3000
2023-04-17 14:44:55 info: =================================
2023-04-17 14:45:05 info: =================================
2023-04-17 14:45:05 info: ======= ENV: development =======
2023-04-17 14:45:05 info: 🚀 App listening on the port 3000
2023-04-17 14:45:05 info: =================================
2023-04-17 14:45:07 error: [POST] /groups >> StatusCode:: 500, Message:: Cannot read properties of undefined (reading 'ownerColumns')
2023-04-17 14:45:07 info: [0mPOST /groups [31m500[0m 74.136 ms - 74[0m
2023-04-17 14:45:23 info: =================================
2023-04-17 14:45:23 info: ======= ENV: development =======
2023-04-17 14:45:23 info: 🚀 App listening on the port 3000
2023-04-17 14:45:23 info: =================================
2023-04-17 14:45:32 info: =================================
2023-04-17 14:45:32 info: ======= ENV: development =======
2023-04-17 14:45:32 info: 🚀 App listening on the port 3000
2023-04-17 14:45:32 info: =================================
2023-04-17 14:45:37 info: =================================
2023-04-17 14:45:37 info: ======= ENV: development =======
2023-04-17 14:45:37 info: 🚀 App listening on the port 3000
2023-04-17 14:45:37 info: =================================
2023-04-17 14:45:39 info: [0mPOST /groups [32m201[0m 79.559 ms - 211[0m
2023-04-17 14:45:54 info: =================================
2023-04-17 14:45:54 info: ======= ENV: development =======
2023-04-17 14:45:54 info: 🚀 App listening on the port 3000
2023-04-17 14:45:54 info: =================================
2023-04-17 14:52:45 info: =================================
2023-04-17 14:52:45 info: ======= ENV: development =======
2023-04-17 14:52:45 info: 🚀 App listening on the port 3000
2023-04-17 14:52:45 info: =================================
2023-04-17 14:52:50 error: [POST] /groups >> StatusCode:: 500, Message:: Cannot read properties of undefined (reading 'ownerColumns')
2023-04-17 14:52:50 info: [0mPOST /groups [31m500[0m 49.453 ms - 74[0m
2023-04-17 14:54:53 info: =================================
2023-04-17 14:54:53 info: ======= ENV: development =======
2023-04-17 14:54:53 info: 🚀 App listening on the port 3000
2023-04-17 14:54:53 info: =================================
2023-04-17 14:54:56 info: [0mPOST /groups [32m201[0m 75.698 ms - 320[0m
2023-04-17 15:00:14 info: =================================
2023-04-17 15:00:14 info: ======= ENV: development =======
2023-04-17 15:00:14 info: 🚀 App listening on the port 3000
2023-04-17 15:00:14 info: =================================
2023-04-17 15:00:23 info: [0mPOST /groups [32m201[0m 70.317 ms - 320[0m
2023-04-17 15:00:39 info: =================================
2023-04-17 15:00:39 info: ======= ENV: development =======
2023-04-17 15:00:39 info: 🚀 App listening on the port 3000
2023-04-17 15:00:39 info: =================================
2023-04-17 15:00:41 info: [0mPOST /groups [32m201[0m 77.953 ms - 320[0m
2023-04-17 15:01:52 info: =================================
2023-04-17 15:01:52 info: ======= ENV: development =======
2023-04-17 15:01:52 info: 🚀 App listening on the port 3000
2023-04-17 15:01:52 info: =================================
2023-04-17 15:03:50 info: =================================
2023-04-17 15:03:50 info: ======= ENV: development =======
2023-04-17 15:03:50 info: 🚀 App listening on the port 3000
2023-04-17 15:03:50 info: =================================
2023-04-17 15:04:16 info: =================================
2023-04-17 15:04:16 info: ======= ENV: development =======
2023-04-17 15:04:16 info: 🚀 App listening on the port 3000
2023-04-17 15:04:16 info: =================================
2023-04-17 15:05:01 info: =================================
2023-04-17 15:05:01 info: ======= ENV: development =======
2023-04-17 15:05:01 info: 🚀 App listening on the port 3000
2023-04-17 15:05:01 info: =================================
2023-04-17 15:05:04 info: [0mPOST /groups [32m201[0m 75.105 ms - 321[0m
2023-04-17 15:05:17 info: =================================
2023-04-17 15:05:17 info: ======= ENV: development =======
2023-04-17 15:05:17 info: 🚀 App listening on the port 3000
2023-04-17 15:05:17 info: =================================
2023-04-17 15:15:05 info: =================================
2023-04-17 15:15:05 info: ======= ENV: development =======
2023-04-17 15:15:05 info: 🚀 App listening on the port 3000
2023-04-17 15:15:05 info: =================================
2023-04-17 15:15:24 info: =================================
2023-04-17 15:15:24 info: ======= ENV: development =======
2023-04-17 15:15:24 info: 🚀 App listening on the port 3000
2023-04-17 15:15:24 info: =================================
2023-04-17 15:15:29 info: [0mPOST /groups [32m201[0m 97.205 ms - 321[0m
2023-04-17 15:16:57 info: =================================
2023-04-17 15:16:57 info: ======= ENV: development =======
2023-04-17 15:16:57 info: 🚀 App listening on the port 3000
2023-04-17 15:16:57 info: =================================
2023-04-17 15:17:04 info: [0mPOST /groups [32m201[0m 119.413 ms - 321[0m
2023-04-17 15:27:21 info: =================================
2023-04-17 15:27:21 info: ======= ENV: development =======
2023-04-17 15:27:21 info: 🚀 App listening on the port 3000
2023-04-17 15:27:21 info: =================================
2023-04-17 15:32:25 info: =================================
2023-04-17 15:32:25 info: ======= ENV: development =======
2023-04-17 15:32:25 info: 🚀 App listening on the port 3000
2023-04-17 15:32:25 info: =================================
2023-04-17 15:32:35 error: [POST] /groups >> StatusCode:: 404, Message:: Authentication token missing
2023-04-17 15:32:35 info: [0mPOST /groups [33m404[0m 49.718 ms - 42[0m
2023-04-17 15:33:56 info: =================================
2023-04-17 15:33:56 info: ======= ENV: development =======
2023-04-17 15:33:56 info: 🚀 App listening on the port 3000
2023-04-17 15:33:56 info: =================================
2023-04-17 15:34:22 info: =================================
2023-04-17 15:34:22 info: ======= ENV: development =======
2023-04-17 15:34:22 info: 🚀 App listening on the port 3000
2023-04-17 15:34:22 info: =================================
2023-04-17 15:36:31 info: =================================
2023-04-17 15:36:31 info: ======= ENV: development =======
2023-04-17 15:36:31 info: 🚀 App listening on the port 3000
2023-04-17 15:36:31 info: =================================
2023-04-17 15:36:37 info: [0mPOST /login [32m200[0m 308.620 ms - 362[0m
2023-04-17 15:37:12 info: [0mPOST /groups [32m201[0m 268.689 ms - 321[0m
2023-04-17 15:38:46 info: =================================
2023-04-17 15:38:46 info: ======= ENV: development =======
2023-04-17 15:38:46 info: 🚀 App listening on the port 3000
2023-04-17 15:38:46 info: =================================
2023-04-17 15:40:14 error: [GET] /groups >> StatusCode:: 500, Message:: No entity column "userID" was found.
2023-04-17 15:40:14 info: [0mGET /groups [31m500[0m 264.451 ms - 52[0m
2023-04-17 15:40:19 error: [GET] /groups >> StatusCode:: 500, Message:: No entity column "userID" was found.
2023-04-17 15:40:19 info: [0mGET /groups [31m500[0m 17.374 ms - 52[0m
2023-04-17 15:40:57 info: =================================
2023-04-17 15:40:57 info: ======= ENV: development =======
2023-04-17 15:40:57 info: 🚀 App listening on the port 3000
2023-04-17 15:40:57 info: =================================
2023-04-17 15:40:59 info: [0mGET /groups [32m200[0m 59.578 ms - 31[0m
2023-04-17 15:41:25 info: =================================
2023-04-17 15:41:25 info: ======= ENV: development =======
2023-04-17 15:41:25 info: 🚀 App listening on the port 3000
2023-04-17 15:41:25 info: =================================
2023-04-17 15:41:29 info: [0mGET /groups [32m200[0m 56.858 ms - 31[0m
2023-04-17 15:43:09 info: =================================
2023-04-17 15:43:09 info: ======= ENV: development =======
2023-04-17 15:43:09 info: 🚀 App listening on the port 3000
2023-04-17 15:43:09 info: =================================
2023-04-17 15:43:12 error: [GET] /groups >> StatusCode:: 500, Message:: Cannot query across many-to-many for property participants
2023-04-17 15:43:12 info: [0mGET /groups [31m500[0m 59.161 ms - 72[0m
2023-04-17 15:46:07 info: =================================
2023-04-17 15:46:07 info: ======= ENV: development =======
2023-04-17 15:46:07 info: 🚀 App listening on the port 3000
2023-04-17 15:46:07 info: =================================
2023-04-17 15:46:35 info: =================================
2023-04-17 15:46:35 info: ======= ENV: development =======
2023-04-17 15:46:35 info: 🚀 App listening on the port 3000
2023-04-17 15:46:35 info: =================================
2023-04-17 15:46:58 info: =================================
2023-04-17 15:46:58 info: ======= ENV: development =======
2023-04-17 15:46:58 info: 🚀 App listening on the port 3000
2023-04-17 15:46:58 info: =================================
2023-04-17 15:47:00 error: [GET] /groups >> StatusCode:: 500, Message:: Cannot query across many-to-many for property participants
2023-04-17 15:47:00 info: [0mGET /groups [31m500[0m 52.377 ms - 72[0m
2023-04-17 15:48:08 info: =================================
2023-04-17 15:48:08 info: ======= ENV: development =======
2023-04-17 15:48:08 info: 🚀 App listening on the port 3000
2023-04-17 15:48:08 info: =================================
2023-04-17 15:48:12 error: [GET] /groups >> StatusCode:: 500, Message:: Cannot query across many-to-many for property participants
2023-04-17 15:48:12 info: [0mGET /groups [31m500[0m 61.696 ms - 72[0m
2023-04-17 15:49:39 info: =================================
2023-04-17 15:49:39 info: ======= ENV: development =======
2023-04-17 15:49:39 info: 🚀 App listening on the port 3000
2023-04-17 15:49:39 info: =================================
2023-04-17 15:51:41 info: =================================
2023-04-17 15:51:41 info: ======= ENV: development =======
2023-04-17 15:51:41 info: 🚀 App listening on the port 3000
2023-04-17 15:51:41 info: =================================
2023-04-17 15:51:47 error: [GET] /groups >> StatusCode:: 500, Message:: Cannot query across many-to-many for property participants
2023-04-17 15:51:47 info: [0mGET /groups [31m500[0m 60.840 ms - 72[0m
2023-04-17 15:52:17 info: =================================
2023-04-17 15:52:17 info: ======= ENV: development =======
2023-04-17 15:52:17 info: 🚀 App listening on the port 3000
2023-04-17 15:52:17 info: =================================
2023-04-17 15:52:27 error: [GET] /groups >> StatusCode:: 500, Message:: Cannot query across many-to-many for property participants
2023-04-17 15:52:27 info: [0mGET /groups [31m500[0m 53.734 ms - 72[0m
2023-04-17 15:53:26 info: =================================
2023-04-17 15:53:26 info: ======= ENV: development =======
2023-04-17 15:53:26 info: 🚀 App listening on the port 3000
2023-04-17 15:53:26 info: =================================
2023-04-17 15:53:46 error: [GET] /groups >> StatusCode:: 500, Message:: Cannot query across many-to-many for property participants
2023-04-17 15:53:46 info: [0mGET /groups [31m500[0m 216.760 ms - 72[0m
2023-04-17 15:55:16 info: =================================
2023-04-17 15:55:16 info: ======= ENV: development =======
2023-04-17 15:55:16 info: 🚀 App listening on the port 3000
2023-04-17 15:55:16 info: =================================
2023-04-17 15:55:29 info: =================================
2023-04-17 15:55:29 info: ======= ENV: development =======
2023-04-17 15:55:29 info: 🚀 App listening on the port 3000
2023-04-17 15:55:29 info: =================================
2023-04-17 15:55:32 error: [GET] /groups >> StatusCode:: 500, Message:: Cannot query across many-to-many for property participants
2023-04-17 15:55:32 info: [0mGET /groups [31m500[0m 61.854 ms - 72[0m
2023-04-17 16:06:39 info: =================================
2023-04-17 16:06:39 info: ======= ENV: development =======
2023-04-17 16:06:39 info: 🚀 App listening on the port 3000
2023-04-17 16:06:39 info: =================================
2023-04-17 16:07:44 info: =================================
2023-04-17 16:07:44 info: ======= ENV: development =======
2023-04-17 16:07:44 info: 🚀 App listening on the port 3000
2023-04-17 16:07:44 info: =================================
2023-04-17 16:08:21 info: =================================
2023-04-17 16:08:21 info: ======= ENV: development =======
2023-04-17 16:08:21 info: 🚀 App listening on the port 3000
2023-04-17 16:08:21 info: =================================
2023-04-17 16:08:25 error: [GET] /groups >> StatusCode:: 500, Message:: Cannot query across many-to-many for property participants
2023-04-17 16:08:25 info: [0mGET /groups [31m500[0m 62.236 ms - 72[0m
2023-04-17 16:09:00 info: =================================
2023-04-17 16:09:00 info: ======= ENV: development =======
2023-04-17 16:09:00 info: 🚀 App listening on the port 3000
2023-04-17 16:09:00 info: =================================
2023-04-17 16:10:10 info: =================================
2023-04-17 16:10:10 info: ======= ENV: development =======
2023-04-17 16:10:10 info: 🚀 App listening on the port 3000
2023-04-17 16:10:10 info: =================================
2023-04-17 16:10:13 error: [GET] /groups >> StatusCode:: 500, Message:: Relation with property path photos in entity was not found.
2023-04-17 16:10:13 info: [0mGET /groups [31m500[0m 64.674 ms - 73[0m
2023-04-17 16:10:48 info: =================================
2023-04-17 16:10:48 info: ======= ENV: development =======
2023-04-17 16:10:48 info: 🚀 App listening on the port 3000
2023-04-17 16:10:48 info: =================================
2023-04-17 16:10:50 info: [0mGET /groups [32m200[0m 91.883 ms - -[0m
2023-04-17 16:17:05 info: =================================
2023-04-17 16:17:05 info: ======= ENV: development =======
2023-04-17 16:17:05 info: 🚀 App listening on the port 3000
2023-04-17 16:17:05 info: =================================
2023-04-17 16:17:08 info: [0mGET /groups [32m200[0m 83.261 ms - -[0m
2023-04-17 16:17:58 info: =================================
2023-04-17 16:17:58 info: ======= ENV: development =======
2023-04-17 16:17:58 info: 🚀 App listening on the port 3000
2023-04-17 16:17:58 info: =================================
2023-04-17 16:18:01 error: [GET] /groups >> StatusCode:: 500, Message:: Cannot query across many-to-many for property participants
2023-04-17 16:18:01 info: [0mGET /groups [31m500[0m 58.571 ms - 72[0m
2023-04-17 16:18:58 info: =================================
2023-04-17 16:18:58 info: ======= ENV: development =======
2023-04-17 16:18:58 info: 🚀 App listening on the port 3000
2023-04-17 16:18:58 info: =================================
2023-04-17 16:22:30 error: [GET] /groups >> StatusCode:: 500, Message:: Cannot query across many-to-many for property participants
2023-04-17 16:22:30 info: [0mGET /groups [31m500[0m 306.464 ms - 72[0m
2023-04-17 16:25:32 info: =================================
2023-04-17 16:25:32 info: ======= ENV: development =======
2023-04-17 16:25:32 info: 🚀 App listening on the port 3000
2023-04-17 16:25:32 info: =================================
2023-04-17 16:25:34 info: [0mGET /groups [32m200[0m 81.936 ms - -[0m
2023-04-17 16:27:16 info: =================================
2023-04-17 16:27:16 info: ======= ENV: development =======
2023-04-17 16:27:16 info: 🚀 App listening on the port 3000
2023-04-17 16:27:16 info: =================================
2023-04-17 16:28:06 info: =================================
2023-04-17 16:28:06 info: ======= ENV: development =======
2023-04-17 16:28:06 info: 🚀 App listening on the port 3000
2023-04-17 16:28:06 info: =================================
2023-04-17 16:28:10 info: [0mGET /groups [32m200[0m 96.637 ms - -[0m
2023-04-17 16:28:36 info: =================================
2023-04-17 16:28:36 info: ======= ENV: development =======
2023-04-17 16:28:36 info: 🚀 App listening on the port 3000
2023-04-17 16:28:36 info: =================================
2023-04-17 16:28:39 info: [0mGET /groups [32m200[0m 89.543 ms - -[0m
2023-04-17 16:28:59 info: =================================
2023-04-17 16:28:59 info: ======= ENV: development =======
2023-04-17 16:28:59 info: 🚀 App listening on the port 3000
2023-04-17 16:28:59 info: =================================
2023-04-17 16:29:01 error: [GET] /groups >> StatusCode:: 500, Message:: column "joincode" does not exist
2023-04-17 16:29:01 info: [0mGET /groups [31m500[0m 85.540 ms - 48[0m
2023-04-17 16:29:31 info: =================================
2023-04-17 16:29:31 info: ======= ENV: development =======
2023-04-17 16:29:31 info: 🚀 App listening on the port 3000
2023-04-17 16:29:31 info: =================================
2023-04-17 16:29:34 info: [0mGET /groups [32m200[0m 97.821 ms - -[0m
2023-04-17 16:29:56 info: =================================
2023-04-17 16:29:56 info: ======= ENV: development =======
2023-04-17 16:29:56 info: 🚀 App listening on the port 3000
2023-04-17 16:29:56 info: =================================
2023-04-17 16:30:40 info: =================================
2023-04-17 16:30:40 info: ======= ENV: development =======
2023-04-17 16:30:40 info: 🚀 App listening on the port 3000
2023-04-17 16:30:40 info: =================================
2023-04-17 16:30:42 info: [0mGET /groups [32m200[0m 90.594 ms - -[0m
2023-04-17 16:31:40 info: =================================
2023-04-17 16:31:40 info: ======= ENV: development =======
2023-04-17 16:31:40 info: 🚀 App listening on the port 3000
2023-04-17 16:31:40 info: =================================
2023-04-17 16:31:43 error: [GET] /groups >> StatusCode:: 500, Message:: column groups.userEntityId does not exist
2023-04-17 16:31:43 info: [0mGET /groups [31m500[0m 70.402 ms - 55[0m
2023-04-17 16:34:16 info: =================================
2023-04-17 16:34:16 info: ======= ENV: development =======
2023-04-17 16:34:16 info: 🚀 App listening on the port 3000
2023-04-17 16:34:16 info: =================================
2023-04-17 16:34:19 error: [GET] /groups >> StatusCode:: 500, Message:: invalid reference to FROM-clause entry for table "participants"
2023-04-17 16:34:19 info: [0mGET /groups [31m500[0m 71.091 ms - 79[0m
2023-04-17 16:34:48 info: =================================
2023-04-17 16:34:48 info: ======= ENV: development =======
2023-04-17 16:34:48 info: 🚀 App listening on the port 3000
2023-04-17 16:34:48 info: =================================
2023-04-17 16:34:51 error: [GET] /groups >> StatusCode:: 500, Message:: column participants.name does not exist
2023-04-17 16:34:51 info: [0mGET /groups [31m500[0m 60.263 ms - 53[0m
2023-04-17 16:35:23 info: =================================
2023-04-17 16:35:23 info: ======= ENV: development =======
2023-04-17 16:35:23 info: 🚀 App listening on the port 3000
2023-04-17 16:35:23 info: =================================
2023-04-17 16:35:53 error: [GET] /groups >> StatusCode:: 500, Message:: invalid reference to FROM-clause entry for table "participants"
2023-04-17 16:35:53 info: [0mGET /groups [31m500[0m 206.774 ms - 79[0m
2023-04-17 16:43:16 error: [GET] /groups >> StatusCode:: 500, Message:: invalid reference to FROM-clause entry for table "participants"
2023-04-17 16:43:16 info: [0mGET /groups [31m500[0m 165.303 ms - 79[0m
2023-04-17 16:47:47 info: =================================
2023-04-17 16:47:47 info: ======= ENV: development =======
2023-04-17 16:47:47 info: 🚀 App listening on the port 3000
2023-04-17 16:47:47 info: =================================
2023-04-17 16:47:48 info: [0mGET /groups [32m200[0m 202.590 ms - -[0m
2023-04-17 16:48:35 info: [0mGET /groups [32m200[0m 146.543 ms - -[0m
2023-04-17 16:49:13 info: =================================
2023-04-17 16:49:13 info: ======= ENV: development =======
2023-04-17 16:49:13 info: 🚀 App listening on the port 3000
2023-04-17 16:49:13 info: =================================
2023-04-17 16:49:23 error: [GET] /groups >> StatusCode:: 500, Message:: column groups.groupEntityId does not exist
2023-04-17 16:49:23 info: [0mGET /groups [31m500[0m 58.282 ms - 56[0m
2023-04-17 16:49:43 info: =================================
2023-04-17 16:49:43 info: ======= ENV: development =======
2023-04-17 16:49:43 info: 🚀 App listening on the port 3000
2023-04-17 16:49:43 info: =================================
2023-04-17 16:50:25 error: [GET] /groups >> StatusCode:: 500, Message:: column groups.groupEntityId does not exist
2023-04-17 16:50:25 info: [0mGET /groups [31m500[0m 246.907 ms - 56[0m
2023-04-17 16:50:59 info: =================================
2023-04-17 16:50:59 info: ======= ENV: development =======
2023-04-17 16:50:59 info: 🚀 App listening on the port 3000
2023-04-17 16:50:59 info: =================================
2023-04-17 16:51:02 info: [0mGET /groups [32m200[0m 73.776 ms - -[0m
2023-04-17 16:51:35 info: =================================
2023-04-17 16:51:35 info: ======= ENV: development =======
2023-04-17 16:51:35 info: 🚀 App listening on the port 3000
2023-04-17 16:51:35 info: =================================
2023-04-17 16:51:47 info: [0mGET /groups [32m200[0m 331.226 ms - -[0m
2023-04-17 16:54:28 info: =================================
2023-04-17 16:54:28 info: ======= ENV: development =======
2023-04-17 16:54:28 info: 🚀 App listening on the port 3000
2023-04-17 16:54:28 info: =================================
2023-04-17 16:54:43 info: [0mGET /groups [32m200[0m 549.178 ms - -[0m
2023-04-17 16:55:32 error: [POST] /login >> StatusCode:: 500, Message:: data and hash arguments required
2023-04-17 16:55:32 info: [0mPOST /login [31m500[0m 313.577 ms - 46[0m
2023-04-17 17:02:59 info: =================================
2023-04-17 17:02:59 info: ======= ENV: development =======
2023-04-17 17:02:59 info: 🚀 App listening on the port 3000
2023-04-17 17:02:59 info: =================================
2023-04-17 17:04:07 info: [0mPOST /login [32m200[0m 538.243 ms - 362[0m
2023-04-17 17:04:39 info: =================================
2023-04-17 17:04:39 info: ======= ENV: development =======
2023-04-17 17:04:39 info: 🚀 App listening on the port 3000
2023-04-17 17:04:39 info: =================================
2023-04-17 17:07:21 info: =================================
2023-04-17 17:07:21 info: ======= ENV: development =======
2023-04-17 17:07:21 info: 🚀 App listening on the port 3000
2023-04-17 17:07:21 info: =================================
2023-04-17 17:07:28 info: [0mGET /groups [32m200[0m 48.248 ms - -[0m
2023-04-17 17:07:54 info: =================================
2023-04-17 17:07:54 info: ======= ENV: development =======
2023-04-17 17:07:54 info: 🚀 App listening on the port 3000
2023-04-17 17:07:54 info: =================================
2023-04-17 17:08:02 info: [0mGET /groups [32m200[0m 50.817 ms - -[0m
2023-04-17 17:08:56 error: [GET] /groups/9 >> StatusCode:: 500, Message:: Cannot read properties of undefined (reading 'find')
2023-04-17 17:08:56 info: [0mGET /groups/9 [31m500[0m 81.051 ms - 66[0m
2023-04-17 17:09:35 info: =================================
2023-04-17 17:09:35 info: ======= ENV: development =======
2023-04-17 17:09:35 info: 🚀 App listening on the port 3000
2023-04-17 17:09:35 info: =================================
2023-04-17 17:09:36 error: [GET] /groups/9 >> StatusCode:: 401, Message:: Wrong authentication token
2023-04-17 17:09:36 info: [0mGET /groups/9 [33m401[0m 17.544 ms - 40[0m
2023-04-17 17:10:11 error: [GET] /groups/9 >> StatusCode:: 500, Message:: Cannot read properties of undefined (reading 'find')
2023-04-17 17:10:11 info: [0mGET /groups/9 [31m500[0m 90.141 ms - 66[0m
2023-04-17 17:10:29 error: [GET] /groups/9 >> StatusCode:: 500, Message:: Cannot read properties of undefined (reading 'find')
2023-04-17 17:10:29 info: [0mGET /groups/9 [31m500[0m 101.010 ms - 66[0m
2023-04-17 17:10:32 info: [0mGET /groups/ [32m200[0m 25.170 ms - -[0m
2023-04-17 17:11:28 info: =================================
2023-04-17 17:11:28 info: ======= ENV: development =======
2023-04-17 17:11:28 info: 🚀 App listening on the port 3000
2023-04-17 17:11:28 info: =================================
2023-04-17 17:11:31 info: [0mGET /groups/ [32m200[0m 84.319 ms - -[0m
2023-04-17 17:12:07 info: =================================
2023-04-17 17:12:07 info: ======= ENV: development =======
2023-04-17 17:12:07 info: 🚀 App listening on the port 3000
2023-04-17 17:12:07 info: =================================
2023-04-17 17:12:12 info: [0mGET /groups/ [32m200[0m 42.177 ms - -[0m
2023-04-17 17:12:15 error: [GET] /groups/10 >> StatusCode:: 500, Message:: Cannot read properties of undefined (reading 'find')
2023-04-17 17:12:15 info: [0mGET /groups/10 [31m500[0m 11.204 ms - 66[0m
2023-04-17 17:12:24 error: [GET] /groups/7 >> StatusCode:: 500, Message:: Cannot read properties of undefined (reading 'find')
2023-04-17 17:12:24 info: [0mGET /groups/7 [31m500[0m 6.977 ms - 66[0m
2023-04-17 17:13:05 info: =================================
2023-04-17 17:13:05 info: ======= ENV: development =======
2023-04-17 17:13:05 info: 🚀 App listening on the port 3000
2023-04-17 17:13:05 info: =================================
2023-04-17 17:13:07 error: [GET] /groups/7 >> StatusCode:: 500, Message:: Cannot read properties of undefined (reading 'filter')
2023-04-17 17:13:07 info: [0mGET /groups/7 [31m500[0m 36.637 ms - 68[0m
2023-04-17 17:14:09 info: =================================
2023-04-17 17:14:09 info: ======= ENV: development =======
2023-04-17 17:14:09 info: 🚀 App listening on the port 3000
2023-04-17 17:14:09 info: =================================
2023-04-17 17:14:11 error: [GET] /groups/7 >> StatusCode:: 500, Message:: Cannot read properties of undefined (reading 'length')
2023-04-17 17:14:11 info: [0mGET /groups/7 [31m500[0m 34.161 ms - 68[0m
2023-04-17 17:14:26 info: =================================
2023-04-17 17:14:26 info: ======= ENV: development =======
2023-04-17 17:14:26 info: 🚀 App listening on the port 3000
2023-04-17 17:14:26 info: =================================
2023-04-17 17:14:26 error: [GET] /groups/7 >> StatusCode:: 401, Message:: Wrong authentication token
2023-04-17 17:14:26 info: [0mGET /groups/7 [33m401[0m 22.632 ms - 40[0m
2023-04-17 17:14:29 info: [0mGET /groups [32m200[0m 38.276 ms - -[0m
2023-04-17 17:14:42 error: [GET] /groups/10 >> StatusCode:: 500, Message:: Cannot read properties of undefined (reading 'filter')
2023-04-17 17:14:42 info: [0mGET /groups/10 [31m500[0m 72.699 ms - 68[0m
2023-04-17 17:14:56 info: =================================
2023-04-17 17:14:56 info: ======= ENV: development =======
2023-04-17 17:14:56 info: 🚀 App listening on the port 3000
2023-04-17 17:14:56 info: =================================
2023-04-17 17:14:57 error: [GET] /groups/10 >> StatusCode:: 500, Message:: Cannot read properties of undefined (reading 'filter')
2023-04-17 17:14:57 info: [0mGET /groups/10 [31m500[0m 42.751 ms - 68[0m
2023-04-17 17:16:23 info: =================================
2023-04-17 17:16:23 info: ======= ENV: development =======
2023-04-17 17:16:23 info: 🚀 App listening on the port 3000
2023-04-17 17:16:23 info: =================================
2023-04-17 17:16:25 info: [0mGET /groups/10 [32m200[0m 44.650 ms - 325[0m
2023-04-17 17:16:39 error: [POST] /login >> StatusCode:: 500, Message:: data and hash arguments required
2023-04-17 17:16:39 info: [0mPOST /login [31m500[0m 96.375 ms - 46[0m
2023-04-17 17:16:41 error: [POST] /login >> StatusCode:: 409, Message:: This email email1@email.com was not found
2023-04-17 17:16:41 info: [0mPOST /login [33m409[0m 6.515 ms - 55[0m
2023-04-17 17:16:44 error: [POST] /login >> StatusCode:: 500, Message:: data and hash arguments required
2023-04-17 17:16:44 info: [0mPOST /login [31m500[0m 4.674 ms - 46[0m
2023-04-17 17:17:04 info: =================================
2023-04-17 17:17:04 info: ======= ENV: development =======
2023-04-17 17:17:04 info: 🚀 App listening on the port 3000
2023-04-17 17:17:04 info: =================================
2023-04-17 17:17:05 info: [0mPOST /login [32m200[0m 126.998 ms - 361[0m
2023-04-17 17:17:06 info: [0mPOST /login [32m200[0m 101.401 ms - 361[0m
2023-04-17 17:17:15 info: [0mGET /groups/10 [32m200[0m 27.229 ms - 399[0m
2023-04-17 17:17:51 info: =================================
2023-04-17 17:17:51 info: ======= ENV: development =======
2023-04-17 17:17:51 info: 🚀 App listening on the port 3000
2023-04-17 17:17:51 info: =================================
2023-04-17 17:18:04 info: =================================
2023-04-17 17:18:04 info: ======= ENV: development =======
2023-04-17 17:18:04 info: 🚀 App listening on the port 3000
2023-04-17 17:18:04 info: =================================
2023-04-17 17:18:05 info: [0mGET /groups/10 [32m200[0m 49.866 ms - 399[0m
2023-04-17 17:18:45 info: =================================
2023-04-17 17:18:45 info: ======= ENV: development =======
2023-04-17 17:18:45 info: 🚀 App listening on the port 3000
2023-04-17 17:18:45 info: =================================
2023-04-17 17:18:52 info: =================================
2023-04-17 17:18:52 info: ======= ENV: development =======
2023-04-17 17:18:52 info: 🚀 App listening on the port 3000
2023-04-17 17:18:52 info: =================================
2023-04-17 17:19:25 info: =================================
2023-04-17 17:19:25 info: ======= ENV: development =======
2023-04-17 17:19:25 info: 🚀 App listening on the port 3000
2023-04-17 17:19:25 info: =================================
2023-04-17 17:19:28 info: [0mGET /groups/10 [32m200[0m 35.063 ms - 33[0m
2023-04-17 17:19:35 info: [0mGET /groups/10 [32m200[0m 7.743 ms - 33[0m
2023-04-17 17:19:40 info: [0mGET /groups/10 [32m200[0m 5.861 ms - 33[0m
2023-04-17 17:19:44 info: [0mPOST /login [32m200[0m 117.801 ms - 362[0m
2023-04-17 17:19:53 info: [0mGET /groups/10 [32m200[0m 6.022 ms - 399[0m
2023-04-17 17:19:57 info: [0mGET /groups/10 [32m200[0m 8.429 ms - 399[0m
2023-04-17 17:20:05 info: [0mGET /groups/10 [32m200[0m 7.062 ms - 399[0m
2023-04-17 17:20:36 info: =================================
2023-04-17 17:20:36 info: ======= ENV: development =======
2023-04-17 17:20:36 info: 🚀 App listening on the port 3000
2023-04-17 17:20:36 info: =================================
