2023-04-26 10:20:56 info: =================================
2023-04-26 10:20:56 info: ======= ENV: development =======
2023-04-26 10:20:56 info: 🚀 App listening on the port 3000
2023-04-26 10:20:56 info: =================================
2023-04-26 10:21:17 info: =================================
2023-04-26 10:21:17 info: ======= ENV: development =======
2023-04-26 10:21:17 info: 🚀 App listening on the port 3000
2023-04-26 10:21:17 info: =================================
2023-04-26 10:24:22 info: =================================
2023-04-26 10:24:22 info: ======= ENV: development =======
2023-04-26 10:24:22 info: 🚀 App listening on the port 3000
2023-04-26 10:24:22 info: =================================
2023-04-26 10:24:55 info: =================================
2023-04-26 10:24:55 info: ======= ENV: development =======
2023-04-26 10:24:55 info: 🚀 App listening on the port 3000
2023-04-26 10:24:55 info: =================================
2023-04-26 10:25:06 info: =================================
2023-04-26 10:25:06 info: ======= ENV: development =======
2023-04-26 10:25:06 info: 🚀 App listening on the port 3000
2023-04-26 10:25:06 info: =================================
2023-04-26 10:26:22 info: =================================
2023-04-26 10:26:22 info: ======= ENV: development =======
2023-04-26 10:26:22 info: 🚀 App listening on the port 3000
2023-04-26 10:26:22 info: =================================
2023-04-26 10:27:00 info: =================================
2023-04-26 10:27:00 info: ======= ENV: development =======
2023-04-26 10:27:00 info: 🚀 App listening on the port 3000
2023-04-26 10:27:00 info: =================================
2023-04-26 10:27:09 error: [PUT] /expenses/24 >> StatusCode:: 401, Message:: Wrong authentication token
2023-04-26 10:27:09 info: [0mPUT /expenses/24 [33m401[0m 54.447 ms - 40[0m
2023-04-26 10:27:26 error: [POST] /login >> StatusCode:: 500, Message:: No repository for "UserEntity" was found. Looks like this entity is not registered in current "default" connection?
2023-04-26 10:27:26 info: [0mPOST /login [31m500[0m 37.292 ms - 133[0m
2023-04-26 10:27:53 info: =================================
2023-04-26 10:27:53 info: ======= ENV: development =======
2023-04-26 10:27:53 info: 🚀 App listening on the port 3000
2023-04-26 10:27:53 info: =================================
2023-04-26 10:28:00 info: =================================
2023-04-26 10:28:00 info: ======= ENV: development =======
2023-04-26 10:28:00 info: 🚀 App listening on the port 3000
2023-04-26 10:28:00 info: =================================
2023-04-26 10:28:01 info: [0mPOST /login [32m200[0m 149.724 ms - 361[0m
