2023-05-03 06:19:21 info: =================================
2023-05-03 06:19:21 info: ======= ENV: development =======
2023-05-03 06:19:21 info: 🚀 App listening on the port 3000
2023-05-03 06:19:21 info: =================================
2023-05-03 06:21:51 error: [POST] /users/ >> StatusCode:: 500, Message:: Request failed with status code 400
2023-05-03 06:21:51 info: [0mPOST /users/ [31m500[0m 445.167 ms - 49[0m
2023-05-03 06:22:55 info: =================================
2023-05-03 06:22:55 info: ======= ENV: development =======
2023-05-03 06:22:55 info: 🚀 App listening on the port 3000
2023-05-03 06:22:55 info: =================================
2023-05-03 06:22:58 error: [POST] /users/ >> StatusCode:: 409, Message:: Token doesn't match email
2023-05-03 06:22:58 info: [0mPOST /users/ [33m409[0m 280.138 ms - 39[0m
2023-05-03 06:30:39 info: [0mGET / [33m404[0m 6.861 ms - 139[0m
2023-05-03 06:33:55 error: [POST] /users/ >> StatusCode:: 409, Message:: Token doesn't match email
2023-05-03 06:33:55 info: [0mPOST /users/ [33m409[0m 277.709 ms - 39[0m
2023-05-03 06:46:42 info: =================================
2023-05-03 06:46:42 info: ======= ENV: development =======
2023-05-03 06:46:42 info: 🚀 App listening on the port 3000
2023-05-03 06:46:42 info: =================================
2023-05-03 06:47:25 info: [0mPOST /users [32m201[0m 462.070 ms - 21[0m
2023-05-03 08:33:13 error: [POST] /users/ >> StatusCode:: 409, Message:: Token doesn't match email
2023-05-03 08:33:13 info: [0mPOST /users/ [33m409[0m 327.298 ms - 39[0m
2023-05-03 08:50:21 info: [0mPOST /users/ [32m201[0m 445.072 ms - 21[0m
2023-05-03 08:50:54 info: =================================
2023-05-03 08:50:54 info: ======= ENV: development =======
2023-05-03 08:50:54 info: 🚀 App listening on the port 3000
2023-05-03 08:50:54 info: =================================
2023-05-03 08:50:57 info: [0mPOST /users/ [32m201[0m 359.837 ms - 225[0m
2023-05-03 08:53:14 info: [0mPOST /users [32m201[0m 358.280 ms - 225[0m
2023-05-03 08:54:27 info: =================================
2023-05-03 08:54:27 info: ======= ENV: development =======
2023-05-03 08:54:27 info: 🚀 App listening on the port 3000
2023-05-03 08:54:27 info: =================================
2023-05-03 08:54:48 info: =================================
2023-05-03 08:54:48 info: ======= ENV: development =======
2023-05-03 08:54:48 info: 🚀 App listening on the port 3000
2023-05-03 08:54:48 info: =================================
2023-05-03 08:55:14 info: =================================
2023-05-03 08:55:14 info: ======= ENV: development =======
2023-05-03 08:55:14 info: 🚀 App listening on the port 3000
2023-05-03 08:55:14 info: =================================
2023-05-03 08:57:13 info: =================================
2023-05-03 08:57:13 info: ======= ENV: development =======
2023-05-03 08:57:13 info: 🚀 App listening on the port 3000
2023-05-03 08:57:13 info: =================================
2023-05-03 08:57:35 error: [POST] /users >> StatusCode:: 500, Message:: null value in column "name" of relation "user_entity" violates not-null constraint
2023-05-03 08:57:35 info: [0mPOST /users [31m500[0m 432.128 ms - 100[0m
2023-05-03 08:58:29 info: =================================
2023-05-03 08:58:29 info: ======= ENV: development =======
2023-05-03 08:58:29 info: 🚀 App listening on the port 3000
2023-05-03 08:58:29 info: =================================
2023-05-03 08:58:48 info: =================================
2023-05-03 08:58:48 info: ======= ENV: development =======
2023-05-03 08:58:48 info: 🚀 App listening on the port 3000
2023-05-03 08:58:48 info: =================================
2023-05-03 08:58:58 info: =================================
2023-05-03 08:58:58 info: ======= ENV: development =======
2023-05-03 08:58:58 info: 🚀 App listening on the port 3000
2023-05-03 08:58:58 info: =================================
2023-05-03 08:59:05 error: [POST] /users >> StatusCode:: 400, Message:: name should not be empty,name must be a string
2023-05-03 08:59:05 info: [0mPOST /users [33m400[0m 59.036 ms - 60[0m
2023-05-03 08:59:16 error: [POST] /users >> StatusCode:: 500, Message:: null value in column "photoUrl" of relation "user_entity" violates not-null constraint
2023-05-03 08:59:16 info: [0mPOST /users [31m500[0m 328.791 ms - 104[0m
2023-05-03 09:00:32 info: =================================
2023-05-03 09:00:32 info: ======= ENV: development =======
2023-05-03 09:00:32 info: 🚀 App listening on the port 3000
2023-05-03 09:00:32 info: =================================
2023-05-03 09:00:49 info: [0mPOST /users [32m201[0m 445.627 ms - 186[0m
2023-05-03 09:01:01 info: [0mPOST /users [32m201[0m 312.862 ms - 186[0m
2023-05-03 09:02:03 info: [0mPOST /users [32m201[0m 623.268 ms - 186[0m
2023-05-03 09:03:14 info: [0mPOST /users [32m201[0m 328.908 ms - 186[0m
2023-05-03 09:05:57 info: [0mPOST /users [32m201[0m 348.464 ms - 186[0m
2023-05-03 09:12:09 info: [0mPOST /users [32m201[0m 339.905 ms - 186[0m
2023-05-03 09:13:17 info: [0mPOST /users [32m201[0m 580.372 ms - 186[0m
2023-05-03 09:14:22 info: =================================
2023-05-03 09:14:22 info: ======= ENV: development =======
2023-05-03 09:14:22 info: 🚀 App listening on the port 3000
2023-05-03 09:14:22 info: =================================
2023-05-03 09:16:16 info: [0mPOST /users [32m201[0m 485.812 ms - 157[0m
2023-05-03 09:17:02 info: [0mPOST /users [32m201[0m 317.885 ms - 157[0m
2023-05-03 16:31:44 info: =================================
2023-05-03 16:31:44 info: ======= ENV: development =======
2023-05-03 16:31:44 info: 🚀 App listening on the port 3000
2023-05-03 16:31:44 info: =================================
2023-05-03 21:06:46 info: =================================
2023-05-03 21:06:46 info: ======= ENV: development =======
2023-05-03 21:06:46 info: 🚀 App listening on the port 3000
2023-05-03 21:06:46 info: =================================
2023-05-03 21:18:21 info: =================================
2023-05-03 21:18:21 info: ======= ENV: development =======
2023-05-03 21:18:21 info: 🚀 App listening on the port 3000
2023-05-03 21:18:21 info: =================================
2023-05-03 21:18:42 info: =================================
2023-05-03 21:18:42 info: ======= ENV: development =======
2023-05-03 21:18:42 info: 🚀 App listening on the port 3000
2023-05-03 21:18:42 info: =================================
2023-05-03 21:18:54 info: =================================
2023-05-03 21:18:54 info: ======= ENV: development =======
2023-05-03 21:18:54 info: 🚀 App listening on the port 3000
2023-05-03 21:18:54 info: =================================
2023-05-03 21:26:19 info: =================================
2023-05-03 21:26:19 info: ======= ENV: development =======
2023-05-03 21:26:19 info: 🚀 App listening on the port 3000
2023-05-03 21:26:19 info: =================================
2023-05-03 21:34:37 info: =================================
2023-05-03 21:34:37 info: ======= ENV: development =======
2023-05-03 21:34:37 info: 🚀 App listening on the port 3000
2023-05-03 21:34:37 info: =================================
2023-05-03 21:34:50 info: =================================
2023-05-03 21:34:50 info: ======= ENV: development =======
2023-05-03 21:34:50 info: 🚀 App listening on the port 3000
2023-05-03 21:34:50 info: =================================
2023-05-03 15:01:28 info: =================================
2023-05-03 15:01:28 info: ======= ENV: development =======
2023-05-03 15:01:28 info: 🚀 App listening on the port 3000
2023-05-03 15:01:28 info: =================================
