2023-04-14 08:50:17 info: ____________
2023-04-14 08:50:18 info: =================================
2023-04-14 08:50:18 info: ======= ENV: development =======
2023-04-14 08:50:18 info: 🚀 App listening on the port 3000
2023-04-14 08:50:18 info: =================================
2023-04-14 08:50:37 info: ____________
2023-04-14 08:50:37 info: =================================
2023-04-14 08:50:37 info: ======= ENV: development =======
2023-04-14 08:50:37 info: 🚀 App listening on the port 3000
2023-04-14 08:50:37 info: =================================
2023-04-14 08:50:57 info: ____________
2023-04-14 08:50:57 info: =================================
2023-04-14 08:50:57 info: ======= ENV: development =======
2023-04-14 08:50:57 info: 🚀 App listening on the port 3000
2023-04-14 08:50:57 info: =================================
2023-04-14 08:51:54 info: ____________
2023-04-14 08:51:54 info: =================================
2023-04-14 08:51:54 info: ======= ENV: development =======
2023-04-14 08:51:54 info: 🚀 App listening on the port 3000
2023-04-14 08:51:54 info: =================================
2023-04-14 08:52:04 info: ____________
2023-04-14 08:52:04 info: =================================
2023-04-14 08:52:04 info: ======= ENV: development =======
2023-04-14 08:52:04 info: 🚀 App listening on the port 3000
2023-04-14 08:52:04 info: =================================
2023-04-14 08:52:33 info: ____________
2023-04-14 08:52:33 info: =================================
2023-04-14 08:52:33 info: ======= ENV: development =======
2023-04-14 08:52:33 info: 🚀 App listening on the port 3000
2023-04-14 08:52:33 info: =================================
2023-04-14 08:54:08 info: ____________
2023-04-14 08:54:08 info: =================================
2023-04-14 08:54:08 info: ======= ENV: development =======
2023-04-14 08:54:09 info: 🚀 App listening on the port 3000
2023-04-14 08:54:09 info: =================================
2023-04-14 08:54:25 info: ____________
2023-04-14 08:54:25 info: =================================
2023-04-14 08:54:25 info: ======= ENV: development =======
2023-04-14 08:54:25 info: 🚀 App listening on the port 3000
2023-04-14 08:54:25 info: =================================
2023-04-14 08:54:38 info: ____________
2023-04-14 08:54:38 info: =================================
2023-04-14 08:54:38 info: ======= ENV: development =======
2023-04-14 08:54:38 info: 🚀 App listening on the port 3000
2023-04-14 08:54:38 info: =================================
2023-04-14 08:55:02 info: ____________
2023-04-14 08:55:02 info: =================================
2023-04-14 08:55:02 info: ======= ENV: development =======
2023-04-14 08:55:02 info: 🚀 App listening on the port 3000
2023-04-14 08:55:02 info: =================================
2023-04-14 08:55:11 info: [0mGET / [33m404[0m 9.902 ms - 139[0m
2023-04-14 08:56:01 info: ____________
2023-04-14 08:56:01 info: =================================
2023-04-14 08:56:01 info: ======= ENV: development =======
2023-04-14 08:56:01 info: 🚀 App listening on the port 3000
2023-04-14 08:56:01 info: =================================
2023-04-14 08:56:19 info: ____________
2023-04-14 08:56:19 info: =================================
2023-04-14 08:56:19 info: ======= ENV: development =======
2023-04-14 08:56:19 info: 🚀 App listening on the port 3000
2023-04-14 08:56:19 info: =================================
2023-04-14 08:56:41 info: =================================
2023-04-14 08:56:41 info: ======= ENV: development =======
2023-04-14 08:56:41 info: 🚀 App listening on the port 3000
2023-04-14 08:56:41 info: =================================
2023-04-14 09:00:05 info: [0mGET /1 [33m404[0m 12.295 ms - 140[0m
2023-04-14 09:00:32 info: =================================
2023-04-14 09:00:32 info: ======= ENV: development =======
2023-04-14 09:00:32 info: 🚀 App listening on the port 3000
2023-04-14 09:00:32 info: =================================
2023-04-14 09:00:35 info: [0mGET /1 [33m404[0m 6.167 ms - 140[0m
2023-04-14 09:00:59 info: [0mGET /users [32m200[0m 266.332 ms - 31[0m
2023-04-14 09:00:59 info: [0mGET /favicon.ico [33m404[0m 1.348 ms - 150[0m
2023-04-14 09:01:28 info: =================================
2023-04-14 09:01:28 info: ======= ENV: development =======
2023-04-14 09:01:28 info: 🚀 App listening on the port 3000
2023-04-14 09:01:28 info: =================================
2023-04-14 10:46:52 error: [POST] /users/ >> StatusCode:: 400, Message:: email must be an email, password must be shorter than or equal to 32 characters,password must be longer than or equal to 9 characters,password should not be empty,password must be a string
2023-04-14 10:46:52 info: [0mPOST /users/ [33m400[0m 70.080 ms - 202[0m
2023-04-14 10:47:32 info: [0mPOST /users/ [32m201[0m 389.995 ms - 215[0m
2023-04-14 10:48:22 info: [0mGET /users/ [32m200[0m 96.882 ms - 217[0m
2023-04-14 10:48:33 info: [0mPOST /users/ [32m201[0m 232.828 ms - 216[0m
2023-04-14 10:48:36 info: [0mGET /users/ [32m200[0m 4.120 ms - 405[0m
2023-04-14 10:49:06 info: [0mGET /users/1 [32m200[0m 77.399 ms - 215[0m
2023-04-14 10:50:31 error: [POST] /login >> StatusCode:: 400, Message:: email must be an email, password must be shorter than or equal to 32 characters,password must be longer than or equal to 9 characters,password should not be empty,password must be a string
2023-04-14 10:50:31 info: [0mPOST /login [33m400[0m 2.495 ms - 202[0m
2023-04-14 10:50:42 info: [0mPOST /login [32m200[0m 182.574 ms - 214[0m
2023-04-14 10:50:56 error: [POST] /signup >> StatusCode:: 409, Message:: This email email2@email.com already exists
2023-04-14 10:50:56 info: [0mPOST /signup [33m409[0m 74.895 ms - 56[0m
2023-04-14 10:51:00 info: [0mPOST /login [32m200[0m 106.488 ms - 214[0m
2023-04-14 10:52:38 info: =================================
2023-04-14 10:52:38 info: ======= ENV: development =======
2023-04-14 10:52:38 info: 🚀 App listening on the port 3000
2023-04-14 10:52:38 info: =================================
2023-04-14 10:54:16 info: =================================
2023-04-14 10:54:16 info: ======= ENV: development =======
2023-04-14 10:54:16 info: 🚀 App listening on the port 3000
2023-04-14 10:54:16 info: =================================
2023-04-14 10:54:22 info: [0mPOST /login [32m200[0m 288.243 ms - 214[0m
2023-04-14 10:54:38 info: =================================
2023-04-14 10:54:38 info: ======= ENV: development =======
2023-04-14 10:54:38 info: 🚀 App listening on the port 3000
2023-04-14 10:54:38 info: =================================
2023-04-14 10:54:40 info: [0mPOST /login [32m200[0m 197.751 ms - 214[0m
2023-04-14 10:55:14 info: =================================
2023-04-14 10:55:14 info: ======= ENV: development =======
2023-04-14 10:55:14 info: 🚀 App listening on the port 3000
2023-04-14 10:55:14 info: =================================
2023-04-14 10:55:17 info: [0mPOST /login [32m200[0m 207.781 ms - 214[0m
2023-04-14 10:55:34 info: =================================
2023-04-14 10:55:34 info: ======= ENV: development =======
2023-04-14 10:55:34 info: 🚀 App listening on the port 3000
2023-04-14 10:55:34 info: =================================
2023-04-14 10:55:37 info: [0mPOST /login [32m200[0m 170.022 ms - 214[0m
2023-04-14 10:56:11 info: =================================
2023-04-14 10:56:11 info: ======= ENV: development =======
2023-04-14 10:56:11 info: 🚀 App listening on the port 3000
2023-04-14 10:56:11 info: =================================
2023-04-14 10:56:13 info: [0mPOST /login [32m200[0m 176.638 ms - 214[0m
2023-04-14 10:56:30 info: =================================
2023-04-14 10:56:30 info: ======= ENV: development =======
2023-04-14 10:56:30 info: 🚀 App listening on the port 3000
2023-04-14 10:56:30 info: =================================
2023-04-14 10:56:32 info: [0mPOST /login [32m200[0m 160.448 ms - 362[0m
2023-04-14 11:15:30 info: =================================
2023-04-14 11:15:30 info: ======= ENV: development =======
2023-04-14 11:15:30 info: 🚀 App listening on the port 3000
2023-04-14 11:15:30 info: =================================
2023-04-14 11:15:43 info: =================================
2023-04-14 11:15:43 info: ======= ENV: development =======
2023-04-14 11:15:43 info: 🚀 App listening on the port 3000
2023-04-14 11:15:43 info: =================================
2023-04-14 11:15:59 info: =================================
2023-04-14 11:15:59 info: ======= ENV: development =======
2023-04-14 11:15:59 info: 🚀 App listening on the port 3000
2023-04-14 11:15:59 info: =================================
